<?xml version="1.0" encoding="UTF-8"?>
<testsuites name="katalonTest" time="196" tests="5" failures="8" errors="1">
   <testsuite name="katalonTest" tests="5" failures="8" errors="1" time="196" timestamp="2019-05-02 23:12:46" hostname="Kevin - 157.26.66.104" id="Test Suites/katalonTest">
      <properties>
         <property name="deviceName" value=""/>
         <property name="devicePlatform" value=""/>
         <property name="logFolder" value="C:\\Dev\\JEE\\hardForum\\TestHardForum\\Reports\\katalonTest\\20190502_231232"/>
         <property name="logFiles" value="C:\\Dev\\JEE\\hardForum\\TestHardForum\\Reports\\katalonTest\\20190502_231232\\execution0.log"/>
         <property name="attachments" value="C:\\Dev\\JEE\\hardForum\\TestHardForum\\Reports\\katalonTest\\20190502_231232\\1556831615342.png, C:\\Dev\\JEE\\hardForum\\TestHardForum\\Reports\\katalonTest\\20190502_231232\\1556831652967.png, C:\\Dev\\JEE\\hardForum\\TestHardForum\\Reports\\katalonTest\\20190502_231232\\1556831659287.png, C:\\Dev\\JEE\\hardForum\\TestHardForum\\Reports\\katalonTest\\20190502_231232\\1556831761425.png"/>
         <property name="hostName" value="Kevin - 157.26.66.104"/>
         <property name="os" value="Windows 10 64bit"/>
         <property name="katalonVersion" value="6.0.5.10"/>
         <property name="browser" value="Chrome 74.0.3729.131"/>
         <property name="hostAddress" value="157.26.66.104"/>
         <property name="sessionId" value="0a15b9995398d6a004473ac1c8a25f92"/>
         <property name="seleniumVersion" value="3.7.1"/>
         <property name="proxyInformation" value="ProxyInformation{proxyOption=NO_PROXY, proxyServerType=HTTP, password=, proxyServerAddress=, proxyServerPort=0}"/>
         <property name="platform" value="Windows 10"/>
      </properties>
      <testcase name="Test Cases/addPost" classname="Test Cases/addPost" status="PASSED">
         <system-out><![CDATA[2019-05-02 23:12:46 - [TEST_CASE][PASSED] - Test Cases/addPost: Test Cases/addPost

2019-05-02 23:12:47 - [TEST_STEP][PASSED] - openBrowser(""): Browser is opened with url: ''

2019-05-02 23:12:47 - [MESSAGE][INFO] - Starting 'Chrome' driver

2019-05-02 23:12:47 - [MESSAGE][INFO] - Action delay is set to 0 seconds

2019-05-02 23:12:53 - [MESSAGE][PASSED] - Browser is opened with url: ''

2019-05-02 23:12:53 - [TEST_STEP][PASSED] - navigateToUrl("http://localhost:8080/login"): Navigate to 'http://localhost:8080/login' successfully

2019-05-02 23:12:54 - [MESSAGE][PASSED] - Navigate to 'http://localhost:8080/login' successfully

2019-05-02 23:12:54 - [TEST_STEP][PASSED] - setText(findTestObject("Object Repository/Page_Spring Security Tutorial/input_Welcome_name (2)"), "user4"): Text 'user4' is set on object 'Object Repository/Page_Spring Security Tutorial/input_Welcome_name (2)'

2019-05-02 23:12:54 - [MESSAGE][PASSED] - Text 'user4' is set on object 'Object Repository/Page_Spring Security Tutorial/input_Welcome_name (2)'

2019-05-02 23:12:54 - [TEST_STEP][PASSED] - setEncryptedText(findTestObject("Object Repository/Page_Spring Security Tutorial/input_Welcome_password (2)"), "6c7NgI6EUIg="): Text ****** has been set on object 'Object Repository/Page_Spring Security Tutorial/input_Welcome_password (2)'

2019-05-02 23:12:54 - [MESSAGE][PASSED] - Text ****** has been set on object 'Object Repository/Page_Spring Security Tutorial/input_Welcome_password (2)'

2019-05-02 23:12:54 - [TEST_STEP][PASSED] - click(findTestObject("1/button_Login")): Object: 'Object Repository/1/button_Login' is clicked on

2019-05-02 23:12:55 - [MESSAGE][PASSED] - Object: 'Object Repository/1/button_Login' is clicked on

2019-05-02 23:12:55 - [TEST_STEP][NOT_RUN] - sendKeys(findTestObject("Object Repository/Page_Spring Security Tutorial/input_Welcome_password (2)"), Keys.chord(ENTER)): NOT_RUN: sendKeys(findTestObject("Object Repository/Page_Spring Security Tutorial/input_Welcome_password (2)"), Keys.chord(ENTER))

2019-05-02 23:12:55 - [MESSAGE][NOT_RUN] - NOT_RUN: sendKeys(findTestObject("Object Repository/Page_Spring Security Tutorial/input_Welcome_password (2)"), Keys.chord(ENTER))

2019-05-02 23:12:55 - [TEST_STEP][PASSED] - click(findTestObject("Object Repository/Page_Spring Security Tutorial/a_Hardware        Le physique")): Object: 'Object Repository/Page_Spring Security Tutorial/a_Hardware        Le physique' is clicked on

2019-05-02 23:12:57 - [MESSAGE][PASSED] - Object: 'Object Repository/Page_Spring Security Tutorial/a_Hardware        Le physique' is clicked on

2019-05-02 23:12:57 - [TEST_STEP][PASSED] - setText(findTestObject("Object Repository/Page_My subforum/input_Title_name"), "testTopic"): Text 'testTopic' is set on object 'Object Repository/Page_My subforum/input_Title_name'

2019-05-02 23:12:57 - [MESSAGE][PASSED] - Text 'testTopic' is set on object 'Object Repository/Page_My subforum/input_Title_name'

2019-05-02 23:12:57 - [TEST_STEP][PASSED] - click(findTestObject("Object Repository/Page_My subforum/p_Mon bon topic de test")): Object: 'Object Repository/Page_My subforum/p_Mon bon topic de test' is clicked on

2019-05-02 23:12:57 - [MESSAGE][PASSED] - Object: 'Object Repository/Page_My subforum/p_Mon bon topic de test' is clicked on

2019-05-02 23:12:57 - [TEST_STEP][PASSED] - setText(findTestObject("Object Repository/Page_My subforum/div_Mon bon topic de test"), "<p style="">Mon bon topic de test</p>"): Text '<p style="">Mon bon topic de test</p>' is set on object 'Object Repository/Page_My subforum/div_Mon bon topic de test'

2019-05-02 23:12:58 - [MESSAGE][PASSED] - Text '<p style="">Mon bon topic de test</p>' is set on object 'Object Repository/Page_My subforum/div_Mon bon topic de test'

2019-05-02 23:12:58 - [TEST_STEP][PASSED] - click(findTestObject("Object Repository/Page_My subforum/button_Submit")): Object: 'Object Repository/Page_My subforum/button_Submit' is clicked on

2019-05-02 23:12:59 - [MESSAGE][PASSED] - Object: 'Object Repository/Page_My subforum/button_Submit' is clicked on

2019-05-02 23:12:59 - [TEST_STEP][PASSED] - click(findTestObject("Object Repository/Page_Spring Security Tutorial/a_testTopic")): Object: 'Object Repository/Page_Spring Security Tutorial/a_testTopic' is clicked on

2019-05-02 23:12:59 - [MESSAGE][PASSED] - Object: 'Object Repository/Page_Spring Security Tutorial/a_testTopic' is clicked on]]></system-out>
         <system-err><![CDATA[]]></system-err>
      </testcase>
      <testcase name="Test Cases/addTopic" classname="Test Cases/addTopic" status="PASSED">
         <system-out><![CDATA[2019-05-02 23:12:59 - [TEST_CASE][PASSED] - Test Cases/addTopic: Test Cases/addTopic

2019-05-02 23:13:00 - [TEST_STEP][PASSED] - openBrowser(""): Browser is opened with url: ''

2019-05-02 23:13:00 - [MESSAGE][WARNING] - A browser is already opened. Closing browser and opening a new one

2019-05-02 23:13:01 - [MESSAGE][INFO] - Starting 'Chrome' driver

2019-05-02 23:13:04 - [MESSAGE][PASSED] - Browser is opened with url: ''

2019-05-02 23:13:04 - [TEST_STEP][PASSED] - navigateToUrl("http://localhost:8080/login"): Navigate to 'http://localhost:8080/login' successfully

2019-05-02 23:13:05 - [MESSAGE][PASSED] - Navigate to 'http://localhost:8080/login' successfully

2019-05-02 23:13:05 - [TEST_STEP][PASSED] - setText(findTestObject("Object Repository/Page_Spring Security Tutorial/input_Welcome_name (3)"), "user4"): Text 'user4' is set on object 'Object Repository/Page_Spring Security Tutorial/input_Welcome_name (3)'

2019-05-02 23:13:05 - [MESSAGE][PASSED] - Text 'user4' is set on object 'Object Repository/Page_Spring Security Tutorial/input_Welcome_name (3)'

2019-05-02 23:13:05 - [TEST_STEP][PASSED] - setEncryptedText(findTestObject("Object Repository/Page_Spring Security Tutorial/input_Welcome_password (3)"), "6c7NgI6EUIg="): Text ****** has been set on object 'Object Repository/Page_Spring Security Tutorial/input_Welcome_password (3)'

2019-05-02 23:13:05 - [MESSAGE][PASSED] - Text ****** has been set on object 'Object Repository/Page_Spring Security Tutorial/input_Welcome_password (3)'

2019-05-02 23:13:05 - [TEST_STEP][NOT_RUN] - sendKeys(findTestObject("Object Repository/Page_Spring Security Tutorial/input_Welcome_password (3)"), Keys.chord(ENTER)): NOT_RUN: sendKeys(findTestObject("Object Repository/Page_Spring Security Tutorial/input_Welcome_password (3)"), Keys.chord(ENTER))

2019-05-02 23:13:05 - [MESSAGE][NOT_RUN] - NOT_RUN: sendKeys(findTestObject("Object Repository/Page_Spring Security Tutorial/input_Welcome_password (3)"), Keys.chord(ENTER))

2019-05-02 23:13:05 - [TEST_STEP][PASSED] - click(findTestObject("1/button_Login")): Object: 'Object Repository/1/button_Login' is clicked on

2019-05-02 23:13:06 - [MESSAGE][PASSED] - Object: 'Object Repository/1/button_Login' is clicked on

2019-05-02 23:13:06 - [TEST_STEP][PASSED] - click(findTestObject("Object Repository/Page_Spring Security Tutorial/div_Hardware")): Object: 'Object Repository/Page_Spring Security Tutorial/div_Hardware' is clicked on

2019-05-02 23:13:07 - [MESSAGE][PASSED] - Object: 'Object Repository/Page_Spring Security Tutorial/div_Hardware' is clicked on

2019-05-02 23:13:07 - [TEST_STEP][PASSED] - click(findTestObject("Object Repository/Page_My subforum/h5_testTopic")): Object: 'Object Repository/Page_My subforum/h5_testTopic' is clicked on

2019-05-02 23:13:08 - [MESSAGE][PASSED] - Object: 'Object Repository/Page_My subforum/h5_testTopic' is clicked on

2019-05-02 23:13:08 - [TEST_STEP][PASSED] - setText(findTestObject("Object Repository/Page_Spring Security Tutorial/input_Title_title"), "Test Post"): Text 'Test Post' is set on object 'Object Repository/Page_Spring Security Tutorial/input_Title_title'

2019-05-02 23:13:08 - [MESSAGE][PASSED] - Text 'Test Post' is set on object 'Object Repository/Page_Spring Security Tutorial/input_Title_title'

2019-05-02 23:13:08 - [TEST_STEP][PASSED] - click(findTestObject("Object Repository/Page_Spring Security Tutorial/p")): Object: 'Object Repository/Page_Spring Security Tutorial/p' is clicked on

2019-05-02 23:13:08 - [MESSAGE][PASSED] - Object: 'Object Repository/Page_Spring Security Tutorial/p' is clicked on

2019-05-02 23:13:08 - [TEST_STEP][PASSED] - setText(findTestObject("Object Repository/Page_Spring Security Tutorial/div_post content"), "<p style="">post content </p>"): Text '<p style="">post content </p>' is set on object 'Object Repository/Page_Spring Security Tutorial/div_post content'

2019-05-02 23:13:08 - [MESSAGE][PASSED] - Text '<p style="">post content </p>' is set on object 'Object Repository/Page_Spring Security Tutorial/div_post content'

2019-05-02 23:13:08 - [TEST_STEP][PASSED] - setText(findTestObject("Object Repository/Page_Spring Security Tutorial/div_post content dwdwad"), "<h1 style="">post content dw</h1><p style="">dwad</p>"): Text '<h1 style="">post content dw</h1><p style="">dwad</p>' is set on object 'Object Repository/Page_Spring Security Tutorial/div_post content dwdwad'

2019-05-02 23:13:09 - [MESSAGE][PASSED] - Text '<h1 style="">post content dw</h1><p style="">dwad</p>' is set on object 'Object Repository/Page_Spring Security Tutorial/div_post content dwdwad'

2019-05-02 23:13:09 - [TEST_STEP][PASSED] - click(findTestObject("Object Repository/Page_Spring Security Tutorial/button_Submit")): Object: 'Object Repository/Page_Spring Security Tutorial/button_Submit' is clicked on

2019-05-02 23:13:10 - [MESSAGE][PASSED] - Object: 'Object Repository/Page_Spring Security Tutorial/button_Submit' is clicked on

2019-05-02 23:13:10 - [TEST_STEP][PASSED] - click(findTestObject("Object Repository/Page_Spring Security Tutorial/h4_Test Post")): Object: 'Object Repository/Page_Spring Security Tutorial/h4_Test Post' is clicked on

2019-05-02 23:13:10 - [MESSAGE][PASSED] - Object: 'Object Repository/Page_Spring Security Tutorial/h4_Test Post' is clicked on]]></system-out>
         <system-err><![CDATA[]]></system-err>
      </testcase>
      <testcase name="Test Cases/alreadyRegisteredUser" classname="Test Cases/alreadyRegisteredUser" status="PASSED">
         <system-out><![CDATA[2019-05-02 23:13:10 - [TEST_CASE][PASSED] - Test Cases/alreadyRegisteredUser: Test Cases/alreadyRegisteredUser

2019-05-02 23:13:10 - [TEST_STEP][PASSED] - openBrowser(""): Browser is opened with url: ''

2019-05-02 23:13:10 - [MESSAGE][WARNING] - A browser is already opened. Closing browser and opening a new one

2019-05-02 23:13:11 - [MESSAGE][INFO] - Starting 'Chrome' driver

2019-05-02 23:13:15 - [MESSAGE][PASSED] - Browser is opened with url: ''

2019-05-02 23:13:15 - [TEST_STEP][PASSED] - navigateToUrl("http://localhost:8080/registration"): Navigate to 'http://localhost:8080/registration' successfully

2019-05-02 23:13:16 - [MESSAGE][PASSED] - Navigate to 'http://localhost:8080/registration' successfully

2019-05-02 23:13:16 - [TEST_STEP][PASSED] - setText(findTestObject("Object Repository/Page_Registration Form/input_Registration Form_name"), "testCase"): Text 'testCase' is set on object 'Object Repository/Page_Registration Form/input_Registration Form_name'

2019-05-02 23:13:16 - [MESSAGE][PASSED] - Text 'testCase' is set on object 'Object Repository/Page_Registration Form/input_Registration Form_name'

2019-05-02 23:13:16 - [TEST_STEP][PASSED] - setText(findTestObject("Object Repository/Page_Registration Form/input_Registration Form_email"), "test@mail.com"): Text 'test@mail.com' is set on object 'Object Repository/Page_Registration Form/input_Registration Form_email'

2019-05-02 23:13:16 - [MESSAGE][PASSED] - Text 'test@mail.com' is set on object 'Object Repository/Page_Registration Form/input_Registration Form_email'

2019-05-02 23:13:16 - [TEST_STEP][PASSED] - setEncryptedText(findTestObject("Object Repository/Page_Registration Form/input_Registration Form_password"), "k5M9B2M38/NbP4F7W5R/fg=="): Text ****** has been set on object 'Object Repository/Page_Registration Form/input_Registration Form_password'

2019-05-02 23:13:16 - [MESSAGE][PASSED] - Text ****** has been set on object 'Object Repository/Page_Registration Form/input_Registration Form_password'

2019-05-02 23:13:16 - [TEST_STEP][PASSED] - click(findTestObject("Object Repository/Page_Registration Form/button_Register User")): Object: 'Object Repository/Page_Registration Form/button_Register User' is clicked on

2019-05-02 23:13:16 - [MESSAGE][PASSED] - Object: 'Object Repository/Page_Registration Form/button_Register User' is clicked on

2019-05-02 23:13:16 - [TEST_STEP][PASSED] - click(findTestObject("Object Repository/Page_Registration Form/label_There is already a user registered with the name provided")): Object: 'Object Repository/Page_Registration Form/label_There is already a user registered with the name provided' is clicked on

2019-05-02 23:13:16 - [MESSAGE][PASSED] - Object: 'Object Repository/Page_Registration Form/label_There is already a user registered with the name provided' is clicked on]]></system-out>
         <system-err><![CDATA[]]></system-err>
      </testcase>
      <testcase name="Test Cases/LoginNotRegistered" classname="Test Cases/LoginNotRegistered" status="PASSED">
         <system-out><![CDATA[2019-05-02 23:13:16 - [TEST_CASE][PASSED] - Test Cases/LoginNotRegistered: Test Cases/LoginNotRegistered

2019-05-02 23:13:17 - [TEST_STEP][PASSED] - openBrowser(""): Browser is opened with url: ''

2019-05-02 23:13:17 - [MESSAGE][WARNING] - A browser is already opened. Closing browser and opening a new one

2019-05-02 23:13:18 - [MESSAGE][INFO] - Starting 'Chrome' driver

2019-05-02 23:13:21 - [MESSAGE][PASSED] - Browser is opened with url: ''

2019-05-02 23:13:21 - [TEST_STEP][PASSED] - navigateToUrl("http://localhost:8080/login"): Navigate to 'http://localhost:8080/login' successfully

2019-05-02 23:13:22 - [MESSAGE][PASSED] - Navigate to 'http://localhost:8080/login' successfully

2019-05-02 23:13:22 - [TEST_STEP][PASSED] - setText(findTestObject("Page_Spring Security Tutorial/input_Welcome_name"), "nonExisting"): Text 'nonExisting' is set on object 'Object Repository/Page_Spring Security Tutorial/input_Welcome_name'

2019-05-02 23:13:22 - [MESSAGE][PASSED] - Text 'nonExisting' is set on object 'Object Repository/Page_Spring Security Tutorial/input_Welcome_name'

2019-05-02 23:13:22 - [TEST_STEP][PASSED] - setEncryptedText(findTestObject("Object Repository/Page_Spring Security Tutorial/input_Welcome_password (1)"), "k7BhWEneXWQ="): Text ****** has been set on object 'Object Repository/Page_Spring Security Tutorial/input_Welcome_password (1)'

2019-05-02 23:13:22 - [MESSAGE][PASSED] - Text ****** has been set on object 'Object Repository/Page_Spring Security Tutorial/input_Welcome_password (1)'

2019-05-02 23:13:22 - [TEST_STEP][PASSED] - click(findTestObject("Object Repository/Page_Spring Security Tutorial/button_Login (1)")): Object: 'Object Repository/Page_Spring Security Tutorial/button_Login (1)' is clicked on

2019-05-02 23:13:22 - [MESSAGE][PASSED] - Object: 'Object Repository/Page_Spring Security Tutorial/button_Login (1)' is clicked on

2019-05-02 23:13:22 - [TEST_STEP][PASSED] - click(findTestObject("Object Repository/Page_Spring Security Tutorial/p_name or Password invalid please verify")): Object: 'Object Repository/Page_Spring Security Tutorial/p_name or Password invalid please verify' is clicked on

2019-05-02 23:13:22 - [MESSAGE][PASSED] - Object: 'Object Repository/Page_Spring Security Tutorial/p_name or Password invalid please verify' is clicked on]]></system-out>
         <system-err><![CDATA[]]></system-err>
      </testcase>
      <testcase name="Test Cases/LoginRegisteredUser" classname="Test Cases/LoginRegisteredUser" status="FAILED">
         <failure type="FAILED" message="Test Cases/LoginRegisteredUser FAILED.
Reason:
Assertion failed: 

assert succesUrl == WebUI.getUrl()
       |         |        |
       |         false    http://localhost:8080/login?error=true
       http://localhost:8080/forum

	at LoginRegisteredUser.run(LoginRegisteredUser:26)
	at com.kms.katalon.core.main.ScriptEngine.run(ScriptEngine.java:194)
	at com.kms.katalon.core.main.ScriptEngine.runScriptAsRawText(ScriptEngine.java:119)
	at com.kms.katalon.core.main.TestCaseExecutor.runScript(TestCaseExecutor.java:331)
	at com.kms.katalon.core.main.TestCaseExecutor.doExecute(TestCaseExecutor.java:322)
	at com.kms.katalon.core.main.TestCaseExecutor.processExecutionPhase(TestCaseExecutor.java:301)
	at com.kms.katalon.core.main.TestCaseExecutor.accessMainPhase(TestCaseExecutor.java:293)
	at com.kms.katalon.core.main.TestCaseExecutor.execute(TestCaseExecutor.java:227)
	at com.kms.katalon.core.main.TestSuiteExecutor.accessTestCaseMainPhase(TestSuiteExecutor.java:129)
	at com.kms.katalon.core.main.TestSuiteExecutor.accessTestSuiteMainPhase(TestSuiteExecutor.java:112)
	at com.kms.katalon.core.main.TestSuiteExecutor.execute(TestSuiteExecutor.java:81)
	at com.kms.katalon.core.main.TestCaseMain.startTestSuite(TestCaseMain.java:157)
	at com.kms.katalon.core.main.TestCaseMain$startTestSuite$0.call(Unknown Source)
	at TempTestSuite1556831560695.run(TempTestSuite1556831560695.groovy:35)
"/>
         <system-out><![CDATA[2019-05-02 23:13:22 - [TEST_CASE][FAILED] - Test Cases/LoginRegisteredUser: Test Cases/LoginRegisteredUser FAILED.
Reason:
Assertion failed: 

assert succesUrl == WebUI.getUrl()
       |         |        |
       |         false    http://localhost:8080/login?error=true
       http://localhost:8080/forum

	at LoginRegisteredUser.run(LoginRegisteredUser:26)
	at com.kms.katalon.core.main.ScriptEngine.run(ScriptEngine.java:194)
	at com.kms.katalon.core.main.ScriptEngine.runScriptAsRawText(ScriptEngine.java:119)
	at com.kms.katalon.core.main.TestCaseExecutor.runScript(TestCaseExecutor.java:331)
	at com.kms.katalon.core.main.TestCaseExecutor.doExecute(TestCaseExecutor.java:322)
	at com.kms.katalon.core.main.TestCaseExecutor.processExecutionPhase(TestCaseExecutor.java:301)
	at com.kms.katalon.core.main.TestCaseExecutor.accessMainPhase(TestCaseExecutor.java:293)
	at com.kms.katalon.core.main.TestCaseExecutor.execute(TestCaseExecutor.java:227)
	at com.kms.katalon.core.main.TestSuiteExecutor.accessTestCaseMainPhase(TestSuiteExecutor.java:129)
	at com.kms.katalon.core.main.TestSuiteExecutor.accessTestSuiteMainPhase(TestSuiteExecutor.java:112)
	at com.kms.katalon.core.main.TestSuiteExecutor.execute(TestSuiteExecutor.java:81)
	at com.kms.katalon.core.main.TestCaseMain.startTestSuite(TestCaseMain.java:157)
	at com.kms.katalon.core.main.TestCaseMain$startTestSuite$0.call(Unknown Source)
	at TempTestSuite1556831560695.run(TempTestSuite1556831560695.groovy:35)


2019-05-02 23:13:23 - [TEST_STEP][PASSED] - openBrowser(""): Browser is opened with url: ''

2019-05-02 23:13:23 - [MESSAGE][WARNING] - A browser is already opened. Closing browser and opening a new one

2019-05-02 23:13:24 - [MESSAGE][INFO] - Starting 'Chrome' driver

2019-05-02 23:13:27 - [MESSAGE][PASSED] - Browser is opened with url: ''

2019-05-02 23:13:27 - [TEST_STEP][PASSED] - navigateToUrl("http://localhost:8080/login"): Navigate to 'http://localhost:8080/login' successfully

2019-05-02 23:13:28 - [MESSAGE][PASSED] - Navigate to 'http://localhost:8080/login' successfully

2019-05-02 23:13:28 - [TEST_STEP][PASSED] - setText(findTestObject("Page_Spring Security Tutorial/input_Welcome_name"), "user4"): Text 'user4' is set on object 'Object Repository/Page_Spring Security Tutorial/input_Welcome_name'

2019-05-02 23:13:28 - [MESSAGE][PASSED] - Text 'user4' is set on object 'Object Repository/Page_Spring Security Tutorial/input_Welcome_name'

2019-05-02 23:13:28 - [TEST_STEP][PASSED] - setEncryptedText(findTestObject("Page_Spring Security Tutorial/input_Welcome_password"), "6c7NgI6EUIg="): Text ****** has been set on object 'Object Repository/Page_Spring Security Tutorial/input_Welcome_password'

2019-05-02 23:13:28 - [MESSAGE][PASSED] - Text ****** has been set on object 'Object Repository/Page_Spring Security Tutorial/input_Welcome_password'

2019-05-02 23:13:28 - [TEST_STEP][PASSED] - click(findTestObject("Page_Spring Security Tutorial/button_Login")): Object: 'Object Repository/Page_Spring Security Tutorial/button_Login' is clicked on

2019-05-02 23:13:28 - [MESSAGE][PASSED] - Object: 'Object Repository/Page_Spring Security Tutorial/button_Login' is clicked on

2019-05-02 23:13:28 - [TEST_STEP][FAILED] - assert succesUrl == getUrl(): assert succesUrl == getUrl() FAILED.
Reason:
Assertion failed: 

assert succesUrl == WebUI.getUrl()
       |         |        |
       |         false    http://localhost:8080/login?error=true
       http://localhost:8080/forum

	at LoginRegisteredUser.run(LoginRegisteredUser:26)
	at com.kms.katalon.core.main.ScriptEngine.run(ScriptEngine.java:194)
	at com.kms.katalon.core.main.ScriptEngine.runScriptAsRawText(ScriptEngine.java:119)
	at com.kms.katalon.core.main.TestCaseExecutor.runScript(TestCaseExecutor.java:331)
	at com.kms.katalon.core.main.TestCaseExecutor.doExecute(TestCaseExecutor.java:322)
	at com.kms.katalon.core.main.TestCaseExecutor.processExecutionPhase(TestCaseExecutor.java:301)
	at com.kms.katalon.core.main.TestCaseExecutor.accessMainPhase(TestCaseExecutor.java:293)
	at com.kms.katalon.core.main.TestCaseExecutor.execute(TestCaseExecutor.java:227)
	at com.kms.katalon.core.main.TestSuiteExecutor.accessTestCaseMainPhase(TestSuiteExecutor.java:129)
	at com.kms.katalon.core.main.TestSuiteExecutor.accessTestSuiteMainPhase(TestSuiteExecutor.java:112)
	at com.kms.katalon.core.main.TestSuiteExecutor.execute(TestSuiteExecutor.java:81)
	at com.kms.katalon.core.main.TestCaseMain.startTestSuite(TestCaseMain.java:157)
	at com.kms.katalon.core.main.TestCaseMain$startTestSuite$0.call(Unknown Source)
	at TempTestSuite1556831560695.run(TempTestSuite1556831560695.groovy:35)


2019-05-02 23:13:28 - [MESSAGE][PASSED] - Current window's url is: 'http://localhost:8080/login?error=true'

2019-05-02 23:13:28 - [MESSAGE][FAILED] - assert succesUrl == getUrl() FAILED.
Reason:
Assertion failed: 

assert succesUrl == WebUI.getUrl()
       |         |        |
       |         false    http://localhost:8080/login?error=true
       http://localhost:8080/forum

	at LoginRegisteredUser.run(LoginRegisteredUser:26)
	at com.kms.katalon.core.main.ScriptEngine.run(ScriptEngine.java:194)
	at com.kms.katalon.core.main.ScriptEngine.runScriptAsRawText(ScriptEngine.java:119)
	at com.kms.katalon.core.main.TestCaseExecutor.runScript(TestCaseExecutor.java:331)
	at com.kms.katalon.core.main.TestCaseExecutor.doExecute(TestCaseExecutor.java:322)
	at com.kms.katalon.core.main.TestCaseExecutor.processExecutionPhase(TestCaseExecutor.java:301)
	at com.kms.katalon.core.main.TestCaseExecutor.accessMainPhase(TestCaseExecutor.java:293)
	at com.kms.katalon.core.main.TestCaseExecutor.execute(TestCaseExecutor.java:227)
	at com.kms.katalon.core.main.TestSuiteExecutor.accessTestCaseMainPhase(TestSuiteExecutor.java:129)
	at com.kms.katalon.core.main.TestSuiteExecutor.accessTestSuiteMainPhase(TestSuiteExecutor.java:112)
	at com.kms.katalon.core.main.TestSuiteExecutor.execute(TestSuiteExecutor.java:81)
	at com.kms.katalon.core.main.TestCaseMain.startTestSuite(TestCaseMain.java:157)
	at com.kms.katalon.core.main.TestCaseMain$startTestSuite$0.call(Unknown Source)
	at TempTestSuite1556831560695.run(TempTestSuite1556831560695.groovy:35)]]></system-out>
         <system-err><![CDATA[2019-05-02 23:13:22 - [TEST_CASE][FAILED] - Test Cases/LoginRegisteredUser: Test Cases/LoginRegisteredUser FAILED.
Reason:
Assertion failed: 

assert succesUrl == WebUI.getUrl()
       |         |        |
       |         false    http://localhost:8080/login?error=true
       http://localhost:8080/forum

	at LoginRegisteredUser.run(LoginRegisteredUser:26)
	at com.kms.katalon.core.main.ScriptEngine.run(ScriptEngine.java:194)
	at com.kms.katalon.core.main.ScriptEngine.runScriptAsRawText(ScriptEngine.java:119)
	at com.kms.katalon.core.main.TestCaseExecutor.runScript(TestCaseExecutor.java:331)
	at com.kms.katalon.core.main.TestCaseExecutor.doExecute(TestCaseExecutor.java:322)
	at com.kms.katalon.core.main.TestCaseExecutor.processExecutionPhase(TestCaseExecutor.java:301)
	at com.kms.katalon.core.main.TestCaseExecutor.accessMainPhase(TestCaseExecutor.java:293)
	at com.kms.katalon.core.main.TestCaseExecutor.execute(TestCaseExecutor.java:227)
	at com.kms.katalon.core.main.TestSuiteExecutor.accessTestCaseMainPhase(TestSuiteExecutor.java:129)
	at com.kms.katalon.core.main.TestSuiteExecutor.accessTestSuiteMainPhase(TestSuiteExecutor.java:112)
	at com.kms.katalon.core.main.TestSuiteExecutor.execute(TestSuiteExecutor.java:81)
	at com.kms.katalon.core.main.TestCaseMain.startTestSuite(TestCaseMain.java:157)
	at com.kms.katalon.core.main.TestCaseMain$startTestSuite$0.call(Unknown Source)
	at TempTestSuite1556831560695.run(TempTestSuite1556831560695.groovy:35)]]></system-err>
      </testcase>
      <testcase name="Test Cases/advancedSearch" classname="Test Cases/advancedSearch" status="FAILED">
         <failure type="FAILED" message="Test Cases/advancedSearch FAILED.
Reason:
com.kms.katalon.core.exception.StepFailedException: Unable to click on object 'Object Repository/a_Advanced search'
	at com.kms.katalon.core.keyword.internal.KeywordMain.stepFailed(KeywordMain.groovy:48)
	at com.kms.katalon.core.webui.keyword.internal.WebUIKeywordMain.stepFailed(WebUIKeywordMain.groovy:65)
	at com.kms.katalon.core.webui.keyword.internal.WebUIKeywordMain.runKeyword(WebUIKeywordMain.groovy:27)
	at com.kms.katalon.core.webui.keyword.builtin.ClickKeyword.click(ClickKeyword.groovy:86)
	at com.kms.katalon.core.webui.keyword.builtin.ClickKeyword.execute(ClickKeyword.groovy:67)
	at com.kms.katalon.core.keyword.internal.KeywordExecutor.executeKeywordForPlatform(KeywordExecutor.groovy:56)
	at com.kms.katalon.core.webui.keyword.WebUiBuiltInKeywords.click(WebUiBuiltInKeywords.groovy:616)
	at com.kms.katalon.core.webui.keyword.WebUiBuiltInKeywords$click$3.call(Unknown Source)
	at advancedSearch.run(advancedSearch:22)
	at com.kms.katalon.core.main.ScriptEngine.run(ScriptEngine.java:194)
	at com.kms.katalon.core.main.ScriptEngine.runScriptAsRawText(ScriptEngine.java:119)
	at com.kms.katalon.core.main.TestCaseExecutor.runScript(TestCaseExecutor.java:331)
	at com.kms.katalon.core.main.TestCaseExecutor.doExecute(TestCaseExecutor.java:322)
	at com.kms.katalon.core.main.TestCaseExecutor.processExecutionPhase(TestCaseExecutor.java:301)
	at com.kms.katalon.core.main.TestCaseExecutor.accessMainPhase(TestCaseExecutor.java:293)
	at com.kms.katalon.core.main.TestCaseExecutor.execute(TestCaseExecutor.java:227)
	at com.kms.katalon.core.main.TestSuiteExecutor.accessTestCaseMainPhase(TestSuiteExecutor.java:129)
	at com.kms.katalon.core.main.TestSuiteExecutor.accessTestSuiteMainPhase(TestSuiteExecutor.java:112)
	at com.kms.katalon.core.main.TestSuiteExecutor.execute(TestSuiteExecutor.java:81)
	at com.kms.katalon.core.main.TestCaseMain.startTestSuite(TestCaseMain.java:157)
	at com.kms.katalon.core.main.TestCaseMain$startTestSuite$0.call(Unknown Source)
	at TempTestSuite1556831560695.run(TempTestSuite1556831560695.groovy:35)
"/>
         <system-out><![CDATA[2019-05-02 23:13:28 - [TEST_CASE][FAILED] - Test Cases/advancedSearch: Test Cases/advancedSearch FAILED.
Reason:
com.kms.katalon.core.exception.StepFailedException: Unable to click on object 'Object Repository/a_Advanced search'
	at com.kms.katalon.core.keyword.internal.KeywordMain.stepFailed(KeywordMain.groovy:48)
	at com.kms.katalon.core.webui.keyword.internal.WebUIKeywordMain.stepFailed(WebUIKeywordMain.groovy:65)
	at com.kms.katalon.core.webui.keyword.internal.WebUIKeywordMain.runKeyword(WebUIKeywordMain.groovy:27)
	at com.kms.katalon.core.webui.keyword.builtin.ClickKeyword.click(ClickKeyword.groovy:86)
	at com.kms.katalon.core.webui.keyword.builtin.ClickKeyword.execute(ClickKeyword.groovy:67)
	at com.kms.katalon.core.keyword.internal.KeywordExecutor.executeKeywordForPlatform(KeywordExecutor.groovy:56)
	at com.kms.katalon.core.webui.keyword.WebUiBuiltInKeywords.click(WebUiBuiltInKeywords.groovy:616)
	at com.kms.katalon.core.webui.keyword.WebUiBuiltInKeywords$click$3.call(Unknown Source)
	at advancedSearch.run(advancedSearch:22)
	at com.kms.katalon.core.main.ScriptEngine.run(ScriptEngine.java:194)
	at com.kms.katalon.core.main.ScriptEngine.runScriptAsRawText(ScriptEngine.java:119)
	at com.kms.katalon.core.main.TestCaseExecutor.runScript(TestCaseExecutor.java:331)
	at com.kms.katalon.core.main.TestCaseExecutor.doExecute(TestCaseExecutor.java:322)
	at com.kms.katalon.core.main.TestCaseExecutor.processExecutionPhase(TestCaseExecutor.java:301)
	at com.kms.katalon.core.main.TestCaseExecutor.accessMainPhase(TestCaseExecutor.java:293)
	at com.kms.katalon.core.main.TestCaseExecutor.execute(TestCaseExecutor.java:227)
	at com.kms.katalon.core.main.TestSuiteExecutor.accessTestCaseMainPhase(TestSuiteExecutor.java:129)
	at com.kms.katalon.core.main.TestSuiteExecutor.accessTestSuiteMainPhase(TestSuiteExecutor.java:112)
	at com.kms.katalon.core.main.TestSuiteExecutor.execute(TestSuiteExecutor.java:81)
	at com.kms.katalon.core.main.TestCaseMain.startTestSuite(TestCaseMain.java:157)
	at com.kms.katalon.core.main.TestCaseMain$startTestSuite$0.call(Unknown Source)
	at TempTestSuite1556831560695.run(TempTestSuite1556831560695.groovy:35)


2019-05-02 23:13:29 - [TEST_STEP][PASSED] - openBrowser(""): Browser is opened with url: ''

2019-05-02 23:13:29 - [MESSAGE][WARNING] - A browser is already opened. Closing browser and opening a new one

2019-05-02 23:13:30 - [MESSAGE][INFO] - Starting 'Chrome' driver

2019-05-02 23:13:33 - [MESSAGE][PASSED] - Browser is opened with url: ''

2019-05-02 23:13:33 - [TEST_STEP][PASSED] - navigateToUrl("http://localhost:8080/login"): Navigate to 'http://localhost:8080/login' successfully

2019-05-02 23:13:34 - [MESSAGE][PASSED] - Navigate to 'http://localhost:8080/login' successfully

2019-05-02 23:13:34 - [TEST_STEP][PASSED] - click(findTestObject("Object Repository/a_HardForum")): Object: 'Object Repository/a_HardForum' is clicked on

2019-05-02 23:13:35 - [MESSAGE][PASSED] - Object: 'Object Repository/a_HardForum' is clicked on

2019-05-02 23:13:35 - [TEST_STEP][FAILED] - click(findTestObject("Object Repository/a_Advanced search")): click(findTestObject("Object Repository/a_Advanced search")) FAILED.
Reason:
com.kms.katalon.core.exception.StepFailedException: Unable to click on object 'Object Repository/a_Advanced search'
	at com.kms.katalon.core.keyword.internal.KeywordMain.stepFailed(KeywordMain.groovy:48)
	at com.kms.katalon.core.webui.keyword.internal.WebUIKeywordMain.stepFailed(WebUIKeywordMain.groovy:65)
	at com.kms.katalon.core.webui.keyword.internal.WebUIKeywordMain.runKeyword(WebUIKeywordMain.groovy:27)
	at com.kms.katalon.core.webui.keyword.builtin.ClickKeyword.click(ClickKeyword.groovy:86)
	at com.kms.katalon.core.webui.keyword.builtin.ClickKeyword.execute(ClickKeyword.groovy:67)
	at com.kms.katalon.core.keyword.internal.KeywordExecutor.executeKeywordForPlatform(KeywordExecutor.groovy:56)
	at com.kms.katalon.core.webui.keyword.WebUiBuiltInKeywords.click(WebUiBuiltInKeywords.groovy:616)
	at com.kms.katalon.core.webui.keyword.WebUiBuiltInKeywords$click$3.call(Unknown Source)
	at advancedSearch.run(advancedSearch:22)
	at com.kms.katalon.core.main.ScriptEngine.run(ScriptEngine.java:194)
	at com.kms.katalon.core.main.ScriptEngine.runScriptAsRawText(ScriptEngine.java:119)
	at com.kms.katalon.core.main.TestCaseExecutor.runScript(TestCaseExecutor.java:331)
	at com.kms.katalon.core.main.TestCaseExecutor.doExecute(TestCaseExecutor.java:322)
	at com.kms.katalon.core.main.TestCaseExecutor.processExecutionPhase(TestCaseExecutor.java:301)
	at com.kms.katalon.core.main.TestCaseExecutor.accessMainPhase(TestCaseExecutor.java:293)
	at com.kms.katalon.core.main.TestCaseExecutor.execute(TestCaseExecutor.java:227)
	at com.kms.katalon.core.main.TestSuiteExecutor.accessTestCaseMainPhase(TestSuiteExecutor.java:129)
	at com.kms.katalon.core.main.TestSuiteExecutor.accessTestSuiteMainPhase(TestSuiteExecutor.java:112)
	at com.kms.katalon.core.main.TestSuiteExecutor.execute(TestSuiteExecutor.java:81)
	at com.kms.katalon.core.main.TestCaseMain.startTestSuite(TestCaseMain.java:157)
	at com.kms.katalon.core.main.TestCaseMain$startTestSuite$0.call(Unknown Source)
	at TempTestSuite1556831560695.run(TempTestSuite1556831560695.groovy:35)


2019-05-02 23:13:35 - [MESSAGE][FAILED] - Unable to click on object 'Object Repository/a_Advanced search'
[[ATTACHMENT|C:\\Dev\\JEE\\hardForum\\TestHardForum\\Reports\\katalonTest\\20190502_231232\\1556831615342.png]]

2019-05-02 23:13:35 - [MESSAGE][FAILED] - click(findTestObject("Object Repository/a_Advanced search")) FAILED.
Reason:
com.kms.katalon.core.exception.StepFailedException: Unable to click on object 'Object Repository/a_Advanced search'
	at com.kms.katalon.core.keyword.internal.KeywordMain.stepFailed(KeywordMain.groovy:48)
	at com.kms.katalon.core.webui.keyword.internal.WebUIKeywordMain.stepFailed(WebUIKeywordMain.groovy:65)
	at com.kms.katalon.core.webui.keyword.internal.WebUIKeywordMain.runKeyword(WebUIKeywordMain.groovy:27)
	at com.kms.katalon.core.webui.keyword.builtin.ClickKeyword.click(ClickKeyword.groovy:86)
	at com.kms.katalon.core.webui.keyword.builtin.ClickKeyword.execute(ClickKeyword.groovy:67)
	at com.kms.katalon.core.keyword.internal.KeywordExecutor.executeKeywordForPlatform(KeywordExecutor.groovy:56)
	at com.kms.katalon.core.webui.keyword.WebUiBuiltInKeywords.click(WebUiBuiltInKeywords.groovy:616)
	at com.kms.katalon.core.webui.keyword.WebUiBuiltInKeywords$click$3.call(Unknown Source)
	at advancedSearch.run(advancedSearch:22)
	at com.kms.katalon.core.main.ScriptEngine.run(ScriptEngine.java:194)
	at com.kms.katalon.core.main.ScriptEngine.runScriptAsRawText(ScriptEngine.java:119)
	at com.kms.katalon.core.main.TestCaseExecutor.runScript(TestCaseExecutor.java:331)
	at com.kms.katalon.core.main.TestCaseExecutor.doExecute(TestCaseExecutor.java:322)
	at com.kms.katalon.core.main.TestCaseExecutor.processExecutionPhase(TestCaseExecutor.java:301)
	at com.kms.katalon.core.main.TestCaseExecutor.accessMainPhase(TestCaseExecutor.java:293)
	at com.kms.katalon.core.main.TestCaseExecutor.execute(TestCaseExecutor.java:227)
	at com.kms.katalon.core.main.TestSuiteExecutor.accessTestCaseMainPhase(TestSuiteExecutor.java:129)
	at com.kms.katalon.core.main.TestSuiteExecutor.accessTestSuiteMainPhase(TestSuiteExecutor.java:112)
	at com.kms.katalon.core.main.TestSuiteExecutor.execute(TestSuiteExecutor.java:81)
	at com.kms.katalon.core.main.TestCaseMain.startTestSuite(TestCaseMain.java:157)
	at com.kms.katalon.core.main.TestCaseMain$startTestSuite$0.call(Unknown Source)
	at TempTestSuite1556831560695.run(TempTestSuite1556831560695.groovy:35)]]></system-out>
         <system-err><![CDATA[2019-05-02 23:13:28 - [TEST_CASE][FAILED] - Test Cases/advancedSearch: Test Cases/advancedSearch FAILED.
Reason:
com.kms.katalon.core.exception.StepFailedException: Unable to click on object 'Object Repository/a_Advanced search'
	at com.kms.katalon.core.keyword.internal.KeywordMain.stepFailed(KeywordMain.groovy:48)
	at com.kms.katalon.core.webui.keyword.internal.WebUIKeywordMain.stepFailed(WebUIKeywordMain.groovy:65)
	at com.kms.katalon.core.webui.keyword.internal.WebUIKeywordMain.runKeyword(WebUIKeywordMain.groovy:27)
	at com.kms.katalon.core.webui.keyword.builtin.ClickKeyword.click(ClickKeyword.groovy:86)
	at com.kms.katalon.core.webui.keyword.builtin.ClickKeyword.execute(ClickKeyword.groovy:67)
	at com.kms.katalon.core.keyword.internal.KeywordExecutor.executeKeywordForPlatform(KeywordExecutor.groovy:56)
	at com.kms.katalon.core.webui.keyword.WebUiBuiltInKeywords.click(WebUiBuiltInKeywords.groovy:616)
	at com.kms.katalon.core.webui.keyword.WebUiBuiltInKeywords$click$3.call(Unknown Source)
	at advancedSearch.run(advancedSearch:22)
	at com.kms.katalon.core.main.ScriptEngine.run(ScriptEngine.java:194)
	at com.kms.katalon.core.main.ScriptEngine.runScriptAsRawText(ScriptEngine.java:119)
	at com.kms.katalon.core.main.TestCaseExecutor.runScript(TestCaseExecutor.java:331)
	at com.kms.katalon.core.main.TestCaseExecutor.doExecute(TestCaseExecutor.java:322)
	at com.kms.katalon.core.main.TestCaseExecutor.processExecutionPhase(TestCaseExecutor.java:301)
	at com.kms.katalon.core.main.TestCaseExecutor.accessMainPhase(TestCaseExecutor.java:293)
	at com.kms.katalon.core.main.TestCaseExecutor.execute(TestCaseExecutor.java:227)
	at com.kms.katalon.core.main.TestSuiteExecutor.accessTestCaseMainPhase(TestSuiteExecutor.java:129)
	at com.kms.katalon.core.main.TestSuiteExecutor.accessTestSuiteMainPhase(TestSuiteExecutor.java:112)
	at com.kms.katalon.core.main.TestSuiteExecutor.execute(TestSuiteExecutor.java:81)
	at com.kms.katalon.core.main.TestCaseMain.startTestSuite(TestCaseMain.java:157)
	at com.kms.katalon.core.main.TestCaseMain$startTestSuite$0.call(Unknown Source)
	at TempTestSuite1556831560695.run(TempTestSuite1556831560695.groovy:35)]]></system-err>
      </testcase>
      <testcase name="Test Cases/addPostNoMessage" classname="Test Cases/addPostNoMessage" status="FAILED">
         <failure type="FAILED" message="Test Cases/addPostNoMessage FAILED.
Reason:
com.kms.katalon.core.exception.StepFailedException: Unable to click on object 'Object Repository/a_Hardware        Le physique (2)'
	at com.kms.katalon.core.keyword.internal.KeywordMain.stepFailed(KeywordMain.groovy:48)
	at com.kms.katalon.core.webui.keyword.internal.WebUIKeywordMain.stepFailed(WebUIKeywordMain.groovy:65)
	at com.kms.katalon.core.webui.keyword.internal.WebUIKeywordMain.runKeyword(WebUIKeywordMain.groovy:27)
	at com.kms.katalon.core.webui.keyword.builtin.ClickKeyword.click(ClickKeyword.groovy:86)
	at com.kms.katalon.core.webui.keyword.builtin.ClickKeyword.execute(ClickKeyword.groovy:67)
	at com.kms.katalon.core.keyword.internal.KeywordExecutor.executeKeywordForPlatform(KeywordExecutor.groovy:56)
	at com.kms.katalon.core.webui.keyword.WebUiBuiltInKeywords.click(WebUiBuiltInKeywords.groovy:616)
	at com.kms.katalon.core.webui.keyword.WebUiBuiltInKeywords$click$3.call(Unknown Source)
	at addPostNoMessage.run(addPostNoMessage:28)
	at com.kms.katalon.core.main.ScriptEngine.run(ScriptEngine.java:194)
	at com.kms.katalon.core.main.ScriptEngine.runScriptAsRawText(ScriptEngine.java:119)
	at com.kms.katalon.core.main.TestCaseExecutor.runScript(TestCaseExecutor.java:331)
	at com.kms.katalon.core.main.TestCaseExecutor.doExecute(TestCaseExecutor.java:322)
	at com.kms.katalon.core.main.TestCaseExecutor.processExecutionPhase(TestCaseExecutor.java:301)
	at com.kms.katalon.core.main.TestCaseExecutor.accessMainPhase(TestCaseExecutor.java:293)
	at com.kms.katalon.core.main.TestCaseExecutor.execute(TestCaseExecutor.java:227)
	at com.kms.katalon.core.main.TestSuiteExecutor.accessTestCaseMainPhase(TestSuiteExecutor.java:129)
	at com.kms.katalon.core.main.TestSuiteExecutor.accessTestSuiteMainPhase(TestSuiteExecutor.java:112)
	at com.kms.katalon.core.main.TestSuiteExecutor.execute(TestSuiteExecutor.java:81)
	at com.kms.katalon.core.main.TestCaseMain.startTestSuite(TestCaseMain.java:157)
	at com.kms.katalon.core.main.TestCaseMain$startTestSuite$0.call(Unknown Source)
	at TempTestSuite1556831560695.run(TempTestSuite1556831560695.groovy:35)
"/>
         <system-out><![CDATA[2019-05-02 23:13:35 - [TEST_CASE][FAILED] - Test Cases/addPostNoMessage: Test Cases/addPostNoMessage FAILED.
Reason:
com.kms.katalon.core.exception.StepFailedException: Unable to click on object 'Object Repository/a_Hardware        Le physique (2)'
	at com.kms.katalon.core.keyword.internal.KeywordMain.stepFailed(KeywordMain.groovy:48)
	at com.kms.katalon.core.webui.keyword.internal.WebUIKeywordMain.stepFailed(WebUIKeywordMain.groovy:65)
	at com.kms.katalon.core.webui.keyword.internal.WebUIKeywordMain.runKeyword(WebUIKeywordMain.groovy:27)
	at com.kms.katalon.core.webui.keyword.builtin.ClickKeyword.click(ClickKeyword.groovy:86)
	at com.kms.katalon.core.webui.keyword.builtin.ClickKeyword.execute(ClickKeyword.groovy:67)
	at com.kms.katalon.core.keyword.internal.KeywordExecutor.executeKeywordForPlatform(KeywordExecutor.groovy:56)
	at com.kms.katalon.core.webui.keyword.WebUiBuiltInKeywords.click(WebUiBuiltInKeywords.groovy:616)
	at com.kms.katalon.core.webui.keyword.WebUiBuiltInKeywords$click$3.call(Unknown Source)
	at addPostNoMessage.run(addPostNoMessage:28)
	at com.kms.katalon.core.main.ScriptEngine.run(ScriptEngine.java:194)
	at com.kms.katalon.core.main.ScriptEngine.runScriptAsRawText(ScriptEngine.java:119)
	at com.kms.katalon.core.main.TestCaseExecutor.runScript(TestCaseExecutor.java:331)
	at com.kms.katalon.core.main.TestCaseExecutor.doExecute(TestCaseExecutor.java:322)
	at com.kms.katalon.core.main.TestCaseExecutor.processExecutionPhase(TestCaseExecutor.java:301)
	at com.kms.katalon.core.main.TestCaseExecutor.accessMainPhase(TestCaseExecutor.java:293)
	at com.kms.katalon.core.main.TestCaseExecutor.execute(TestCaseExecutor.java:227)
	at com.kms.katalon.core.main.TestSuiteExecutor.accessTestCaseMainPhase(TestSuiteExecutor.java:129)
	at com.kms.katalon.core.main.TestSuiteExecutor.accessTestSuiteMainPhase(TestSuiteExecutor.java:112)
	at com.kms.katalon.core.main.TestSuiteExecutor.execute(TestSuiteExecutor.java:81)
	at com.kms.katalon.core.main.TestCaseMain.startTestSuite(TestCaseMain.java:157)
	at com.kms.katalon.core.main.TestCaseMain$startTestSuite$0.call(Unknown Source)
	at TempTestSuite1556831560695.run(TempTestSuite1556831560695.groovy:35)


2019-05-02 23:13:35 - [TEST_STEP][PASSED] - openBrowser(""): Browser is opened with url: ''

2019-05-02 23:13:35 - [MESSAGE][WARNING] - A browser is already opened. Closing browser and opening a new one

2019-05-02 23:13:36 - [MESSAGE][INFO] - Starting 'Chrome' driver

2019-05-02 23:13:40 - [MESSAGE][PASSED] - Browser is opened with url: ''

2019-05-02 23:13:40 - [TEST_STEP][PASSED] - navigateToUrl("http://localhost:8080/login"): Navigate to 'http://localhost:8080/login' successfully

2019-05-02 23:13:41 - [MESSAGE][PASSED] - Navigate to 'http://localhost:8080/login' successfully

2019-05-02 23:13:41 - [TEST_STEP][PASSED] - setText(findTestObject("Page_Spring Security Tutorial/input_Welcome_name (2)"), "user4"): Text 'user4' is set on object 'Object Repository/Page_Spring Security Tutorial/input_Welcome_name (2)'

2019-05-02 23:13:41 - [MESSAGE][PASSED] - Text 'user4' is set on object 'Object Repository/Page_Spring Security Tutorial/input_Welcome_name (2)'

2019-05-02 23:13:41 - [TEST_STEP][PASSED] - setEncryptedText(findTestObject("Page_Spring Security Tutorial/input_Welcome_password (2)"), "6c7NgI6EUIg="): Text ****** has been set on object 'Object Repository/Page_Spring Security Tutorial/input_Welcome_password (2)'

2019-05-02 23:13:41 - [MESSAGE][PASSED] - Text ****** has been set on object 'Object Repository/Page_Spring Security Tutorial/input_Welcome_password (2)'

2019-05-02 23:13:41 - [TEST_STEP][PASSED] - click(findTestObject("1/button_Login")): Object: 'Object Repository/1/button_Login' is clicked on

2019-05-02 23:13:42 - [MESSAGE][PASSED] - Object: 'Object Repository/1/button_Login' is clicked on

2019-05-02 23:13:42 - [TEST_STEP][NOT_RUN] - sendKeys(findTestObject("Object Repository/input_Welcome_password (2) (3)"), Keys.chord(ENTER)): NOT_RUN: sendKeys(findTestObject("Object Repository/input_Welcome_password (2) (3)"), Keys.chord(ENTER))

2019-05-02 23:13:42 - [MESSAGE][NOT_RUN] - NOT_RUN: sendKeys(findTestObject("Object Repository/input_Welcome_password (2) (3)"), Keys.chord(ENTER))

2019-05-02 23:13:42 - [TEST_STEP][FAILED] - click(findTestObject("Object Repository/a_Hardware        Le physique (2)")): click(findTestObject("Object Repository/a_Hardware        Le physique (2)")) FAILED.
Reason:
com.kms.katalon.core.exception.StepFailedException: Unable to click on object 'Object Repository/a_Hardware        Le physique (2)'
	at com.kms.katalon.core.keyword.internal.KeywordMain.stepFailed(KeywordMain.groovy:48)
	at com.kms.katalon.core.webui.keyword.internal.WebUIKeywordMain.stepFailed(WebUIKeywordMain.groovy:65)
	at com.kms.katalon.core.webui.keyword.internal.WebUIKeywordMain.runKeyword(WebUIKeywordMain.groovy:27)
	at com.kms.katalon.core.webui.keyword.builtin.ClickKeyword.click(ClickKeyword.groovy:86)
	at com.kms.katalon.core.webui.keyword.builtin.ClickKeyword.execute(ClickKeyword.groovy:67)
	at com.kms.katalon.core.keyword.internal.KeywordExecutor.executeKeywordForPlatform(KeywordExecutor.groovy:56)
	at com.kms.katalon.core.webui.keyword.WebUiBuiltInKeywords.click(WebUiBuiltInKeywords.groovy:616)
	at com.kms.katalon.core.webui.keyword.WebUiBuiltInKeywords$click$3.call(Unknown Source)
	at addPostNoMessage.run(addPostNoMessage:28)
	at com.kms.katalon.core.main.ScriptEngine.run(ScriptEngine.java:194)
	at com.kms.katalon.core.main.ScriptEngine.runScriptAsRawText(ScriptEngine.java:119)
	at com.kms.katalon.core.main.TestCaseExecutor.runScript(TestCaseExecutor.java:331)
	at com.kms.katalon.core.main.TestCaseExecutor.doExecute(TestCaseExecutor.java:322)
	at com.kms.katalon.core.main.TestCaseExecutor.processExecutionPhase(TestCaseExecutor.java:301)
	at com.kms.katalon.core.main.TestCaseExecutor.accessMainPhase(TestCaseExecutor.java:293)
	at com.kms.katalon.core.main.TestCaseExecutor.execute(TestCaseExecutor.java:227)
	at com.kms.katalon.core.main.TestSuiteExecutor.accessTestCaseMainPhase(TestSuiteExecutor.java:129)
	at com.kms.katalon.core.main.TestSuiteExecutor.accessTestSuiteMainPhase(TestSuiteExecutor.java:112)
	at com.kms.katalon.core.main.TestSuiteExecutor.execute(TestSuiteExecutor.java:81)
	at com.kms.katalon.core.main.TestCaseMain.startTestSuite(TestCaseMain.java:157)
	at com.kms.katalon.core.main.TestCaseMain$startTestSuite$0.call(Unknown Source)
	at TempTestSuite1556831560695.run(TempTestSuite1556831560695.groovy:35)


2019-05-02 23:14:12 - [MESSAGE][INFO] - Unable to find the element located by 'By.xpath: (.//*[normalize-space(text()) and normalize-space(.)='Categories'])[1]/following::a[1]'. Please recheck the objects properties to make sure the desired element is located. 

2019-05-02 23:14:13 - [MESSAGE][FAILED] - Unable to click on object 'Object Repository/a_Hardware        Le physique (2)'
[[ATTACHMENT|C:\\Dev\\JEE\\hardForum\\TestHardForum\\Reports\\katalonTest\\20190502_231232\\1556831652967.png]]

2019-05-02 23:14:13 - [MESSAGE][FAILED] - click(findTestObject("Object Repository/a_Hardware        Le physique (2)")) FAILED.
Reason:
com.kms.katalon.core.exception.StepFailedException: Unable to click on object 'Object Repository/a_Hardware        Le physique (2)'
	at com.kms.katalon.core.keyword.internal.KeywordMain.stepFailed(KeywordMain.groovy:48)
	at com.kms.katalon.core.webui.keyword.internal.WebUIKeywordMain.stepFailed(WebUIKeywordMain.groovy:65)
	at com.kms.katalon.core.webui.keyword.internal.WebUIKeywordMain.runKeyword(WebUIKeywordMain.groovy:27)
	at com.kms.katalon.core.webui.keyword.builtin.ClickKeyword.click(ClickKeyword.groovy:86)
	at com.kms.katalon.core.webui.keyword.builtin.ClickKeyword.execute(ClickKeyword.groovy:67)
	at com.kms.katalon.core.keyword.internal.KeywordExecutor.executeKeywordForPlatform(KeywordExecutor.groovy:56)
	at com.kms.katalon.core.webui.keyword.WebUiBuiltInKeywords.click(WebUiBuiltInKeywords.groovy:616)
	at com.kms.katalon.core.webui.keyword.WebUiBuiltInKeywords$click$3.call(Unknown Source)
	at addPostNoMessage.run(addPostNoMessage:28)
	at com.kms.katalon.core.main.ScriptEngine.run(ScriptEngine.java:194)
	at com.kms.katalon.core.main.ScriptEngine.runScriptAsRawText(ScriptEngine.java:119)
	at com.kms.katalon.core.main.TestCaseExecutor.runScript(TestCaseExecutor.java:331)
	at com.kms.katalon.core.main.TestCaseExecutor.doExecute(TestCaseExecutor.java:322)
	at com.kms.katalon.core.main.TestCaseExecutor.processExecutionPhase(TestCaseExecutor.java:301)
	at com.kms.katalon.core.main.TestCaseExecutor.accessMainPhase(TestCaseExecutor.java:293)
	at com.kms.katalon.core.main.TestCaseExecutor.execute(TestCaseExecutor.java:227)
	at com.kms.katalon.core.main.TestSuiteExecutor.accessTestCaseMainPhase(TestSuiteExecutor.java:129)
	at com.kms.katalon.core.main.TestSuiteExecutor.accessTestSuiteMainPhase(TestSuiteExecutor.java:112)
	at com.kms.katalon.core.main.TestSuiteExecutor.execute(TestSuiteExecutor.java:81)
	at com.kms.katalon.core.main.TestCaseMain.startTestSuite(TestCaseMain.java:157)
	at com.kms.katalon.core.main.TestCaseMain$startTestSuite$0.call(Unknown Source)
	at TempTestSuite1556831560695.run(TempTestSuite1556831560695.groovy:35)]]></system-out>
         <system-err><![CDATA[2019-05-02 23:13:35 - [TEST_CASE][FAILED] - Test Cases/addPostNoMessage: Test Cases/addPostNoMessage FAILED.
Reason:
com.kms.katalon.core.exception.StepFailedException: Unable to click on object 'Object Repository/a_Hardware        Le physique (2)'
	at com.kms.katalon.core.keyword.internal.KeywordMain.stepFailed(KeywordMain.groovy:48)
	at com.kms.katalon.core.webui.keyword.internal.WebUIKeywordMain.stepFailed(WebUIKeywordMain.groovy:65)
	at com.kms.katalon.core.webui.keyword.internal.WebUIKeywordMain.runKeyword(WebUIKeywordMain.groovy:27)
	at com.kms.katalon.core.webui.keyword.builtin.ClickKeyword.click(ClickKeyword.groovy:86)
	at com.kms.katalon.core.webui.keyword.builtin.ClickKeyword.execute(ClickKeyword.groovy:67)
	at com.kms.katalon.core.keyword.internal.KeywordExecutor.executeKeywordForPlatform(KeywordExecutor.groovy:56)
	at com.kms.katalon.core.webui.keyword.WebUiBuiltInKeywords.click(WebUiBuiltInKeywords.groovy:616)
	at com.kms.katalon.core.webui.keyword.WebUiBuiltInKeywords$click$3.call(Unknown Source)
	at addPostNoMessage.run(addPostNoMessage:28)
	at com.kms.katalon.core.main.ScriptEngine.run(ScriptEngine.java:194)
	at com.kms.katalon.core.main.ScriptEngine.runScriptAsRawText(ScriptEngine.java:119)
	at com.kms.katalon.core.main.TestCaseExecutor.runScript(TestCaseExecutor.java:331)
	at com.kms.katalon.core.main.TestCaseExecutor.doExecute(TestCaseExecutor.java:322)
	at com.kms.katalon.core.main.TestCaseExecutor.processExecutionPhase(TestCaseExecutor.java:301)
	at com.kms.katalon.core.main.TestCaseExecutor.accessMainPhase(TestCaseExecutor.java:293)
	at com.kms.katalon.core.main.TestCaseExecutor.execute(TestCaseExecutor.java:227)
	at com.kms.katalon.core.main.TestSuiteExecutor.accessTestCaseMainPhase(TestSuiteExecutor.java:129)
	at com.kms.katalon.core.main.TestSuiteExecutor.accessTestSuiteMainPhase(TestSuiteExecutor.java:112)
	at com.kms.katalon.core.main.TestSuiteExecutor.execute(TestSuiteExecutor.java:81)
	at com.kms.katalon.core.main.TestCaseMain.startTestSuite(TestCaseMain.java:157)
	at com.kms.katalon.core.main.TestCaseMain$startTestSuite$0.call(Unknown Source)
	at TempTestSuite1556831560695.run(TempTestSuite1556831560695.groovy:35)]]></system-err>
      </testcase>
      <testcase name="Test Cases/addSubForum" classname="Test Cases/addSubForum" status="FAILED">
         <failure type="FAILED" message="Test Cases/addSubForum FAILED.
Reason:
com.kms.katalon.core.exception.StepFailedException: Unable to set text
	at com.kms.katalon.core.keyword.internal.KeywordMain.stepFailed(KeywordMain.groovy:48)
	at com.kms.katalon.core.webui.keyword.internal.WebUIKeywordMain.stepFailed(WebUIKeywordMain.groovy:65)
	at com.kms.katalon.core.webui.keyword.internal.WebUIKeywordMain.runKeyword(WebUIKeywordMain.groovy:27)
	at com.kms.katalon.core.webui.keyword.builtin.SetTextKeyword.setText(SetTextKeyword.groovy:65)
	at com.kms.katalon.core.webui.keyword.builtin.SetTextKeyword.execute(SetTextKeyword.groovy:37)
	at com.kms.katalon.core.keyword.internal.KeywordExecutor.executeKeywordForPlatform(KeywordExecutor.groovy:56)
	at com.kms.katalon.core.webui.keyword.WebUiBuiltInKeywords.setText(WebUiBuiltInKeywords.groovy:950)
	at com.kms.katalon.core.webui.keyword.WebUiBuiltInKeywords$setText$1.call(Unknown Source)
	at addSubForum.run(addSubForum:26)
	at com.kms.katalon.core.main.ScriptEngine.run(ScriptEngine.java:194)
	at com.kms.katalon.core.main.ScriptEngine.runScriptAsRawText(ScriptEngine.java:119)
	at com.kms.katalon.core.main.TestCaseExecutor.runScript(TestCaseExecutor.java:331)
	at com.kms.katalon.core.main.TestCaseExecutor.doExecute(TestCaseExecutor.java:322)
	at com.kms.katalon.core.main.TestCaseExecutor.processExecutionPhase(TestCaseExecutor.java:301)
	at com.kms.katalon.core.main.TestCaseExecutor.accessMainPhase(TestCaseExecutor.java:293)
	at com.kms.katalon.core.main.TestCaseExecutor.execute(TestCaseExecutor.java:227)
	at com.kms.katalon.core.main.TestSuiteExecutor.accessTestCaseMainPhase(TestSuiteExecutor.java:129)
	at com.kms.katalon.core.main.TestSuiteExecutor.accessTestSuiteMainPhase(TestSuiteExecutor.java:112)
	at com.kms.katalon.core.main.TestSuiteExecutor.execute(TestSuiteExecutor.java:81)
	at com.kms.katalon.core.main.TestCaseMain.startTestSuite(TestCaseMain.java:157)
	at com.kms.katalon.core.main.TestCaseMain$startTestSuite$0.call(Unknown Source)
	at TempTestSuite1556831560695.run(TempTestSuite1556831560695.groovy:35)
"/>
         <system-out><![CDATA[2019-05-02 23:14:13 - [TEST_CASE][FAILED] - Test Cases/addSubForum: Test Cases/addSubForum FAILED.
Reason:
com.kms.katalon.core.exception.StepFailedException: Unable to set text
	at com.kms.katalon.core.keyword.internal.KeywordMain.stepFailed(KeywordMain.groovy:48)
	at com.kms.katalon.core.webui.keyword.internal.WebUIKeywordMain.stepFailed(WebUIKeywordMain.groovy:65)
	at com.kms.katalon.core.webui.keyword.internal.WebUIKeywordMain.runKeyword(WebUIKeywordMain.groovy:27)
	at com.kms.katalon.core.webui.keyword.builtin.SetTextKeyword.setText(SetTextKeyword.groovy:65)
	at com.kms.katalon.core.webui.keyword.builtin.SetTextKeyword.execute(SetTextKeyword.groovy:37)
	at com.kms.katalon.core.keyword.internal.KeywordExecutor.executeKeywordForPlatform(KeywordExecutor.groovy:56)
	at com.kms.katalon.core.webui.keyword.WebUiBuiltInKeywords.setText(WebUiBuiltInKeywords.groovy:950)
	at com.kms.katalon.core.webui.keyword.WebUiBuiltInKeywords$setText$1.call(Unknown Source)
	at addSubForum.run(addSubForum:26)
	at com.kms.katalon.core.main.ScriptEngine.run(ScriptEngine.java:194)
	at com.kms.katalon.core.main.ScriptEngine.runScriptAsRawText(ScriptEngine.java:119)
	at com.kms.katalon.core.main.TestCaseExecutor.runScript(TestCaseExecutor.java:331)
	at com.kms.katalon.core.main.TestCaseExecutor.doExecute(TestCaseExecutor.java:322)
	at com.kms.katalon.core.main.TestCaseExecutor.processExecutionPhase(TestCaseExecutor.java:301)
	at com.kms.katalon.core.main.TestCaseExecutor.accessMainPhase(TestCaseExecutor.java:293)
	at com.kms.katalon.core.main.TestCaseExecutor.execute(TestCaseExecutor.java:227)
	at com.kms.katalon.core.main.TestSuiteExecutor.accessTestCaseMainPhase(TestSuiteExecutor.java:129)
	at com.kms.katalon.core.main.TestSuiteExecutor.accessTestSuiteMainPhase(TestSuiteExecutor.java:112)
	at com.kms.katalon.core.main.TestSuiteExecutor.execute(TestSuiteExecutor.java:81)
	at com.kms.katalon.core.main.TestCaseMain.startTestSuite(TestCaseMain.java:157)
	at com.kms.katalon.core.main.TestCaseMain$startTestSuite$0.call(Unknown Source)
	at TempTestSuite1556831560695.run(TempTestSuite1556831560695.groovy:35)


2019-05-02 23:14:13 - [TEST_STEP][PASSED] - openBrowser(""): Browser is opened with url: ''

2019-05-02 23:14:13 - [MESSAGE][WARNING] - A browser is already opened. Closing browser and opening a new one

2019-05-02 23:14:14 - [MESSAGE][INFO] - Starting 'Chrome' driver

2019-05-02 23:14:18 - [MESSAGE][PASSED] - Browser is opened with url: ''

2019-05-02 23:14:18 - [TEST_STEP][PASSED] - navigateToUrl("http://localhost:8080/login"): Navigate to 'http://localhost:8080/login' successfully

2019-05-02 23:14:18 - [MESSAGE][PASSED] - Navigate to 'http://localhost:8080/login' successfully

2019-05-02 23:14:18 - [TEST_STEP][PASSED] - setText(findTestObject("Object Repository/1/input_Welcome_name (1)"), "user4"): Text 'user4' is set on object 'Object Repository/1/input_Welcome_name (1)'

2019-05-02 23:14:18 - [MESSAGE][PASSED] - Text 'user4' is set on object 'Object Repository/1/input_Welcome_name (1)'

2019-05-02 23:14:18 - [TEST_STEP][PASSED] - setEncryptedText(findTestObject("Object Repository/1/input_Welcome_password (1)"), "6c7NgI6EUIg="): Text ****** has been set on object 'Object Repository/1/input_Welcome_password (1)'

2019-05-02 23:14:18 - [MESSAGE][PASSED] - Text ****** has been set on object 'Object Repository/1/input_Welcome_password (1)'

2019-05-02 23:14:18 - [TEST_STEP][PASSED] - click(findTestObject("Object Repository/1/button_Login (1)")): Object: 'Object Repository/1/button_Login (1)' is clicked on

2019-05-02 23:14:19 - [MESSAGE][PASSED] - Object: 'Object Repository/1/button_Login (1)' is clicked on

2019-05-02 23:14:19 - [TEST_STEP][FAILED] - setText(findTestObject("Page_Spring Security Tutorial/input_Category_name"), categoryName): setText(findTestObject("Page_Spring Security Tutorial/input_Category_name"), categoryName) FAILED.
Reason:
com.kms.katalon.core.exception.StepFailedException: Unable to set text
	at com.kms.katalon.core.keyword.internal.KeywordMain.stepFailed(KeywordMain.groovy:48)
	at com.kms.katalon.core.webui.keyword.internal.WebUIKeywordMain.stepFailed(WebUIKeywordMain.groovy:65)
	at com.kms.katalon.core.webui.keyword.internal.WebUIKeywordMain.runKeyword(WebUIKeywordMain.groovy:27)
	at com.kms.katalon.core.webui.keyword.builtin.SetTextKeyword.setText(SetTextKeyword.groovy:65)
	at com.kms.katalon.core.webui.keyword.builtin.SetTextKeyword.execute(SetTextKeyword.groovy:37)
	at com.kms.katalon.core.keyword.internal.KeywordExecutor.executeKeywordForPlatform(KeywordExecutor.groovy:56)
	at com.kms.katalon.core.webui.keyword.WebUiBuiltInKeywords.setText(WebUiBuiltInKeywords.groovy:950)
	at com.kms.katalon.core.webui.keyword.WebUiBuiltInKeywords$setText$1.call(Unknown Source)
	at addSubForum.run(addSubForum:26)
	at com.kms.katalon.core.main.ScriptEngine.run(ScriptEngine.java:194)
	at com.kms.katalon.core.main.ScriptEngine.runScriptAsRawText(ScriptEngine.java:119)
	at com.kms.katalon.core.main.TestCaseExecutor.runScript(TestCaseExecutor.java:331)
	at com.kms.katalon.core.main.TestCaseExecutor.doExecute(TestCaseExecutor.java:322)
	at com.kms.katalon.core.main.TestCaseExecutor.processExecutionPhase(TestCaseExecutor.java:301)
	at com.kms.katalon.core.main.TestCaseExecutor.accessMainPhase(TestCaseExecutor.java:293)
	at com.kms.katalon.core.main.TestCaseExecutor.execute(TestCaseExecutor.java:227)
	at com.kms.katalon.core.main.TestSuiteExecutor.accessTestCaseMainPhase(TestSuiteExecutor.java:129)
	at com.kms.katalon.core.main.TestSuiteExecutor.accessTestSuiteMainPhase(TestSuiteExecutor.java:112)
	at com.kms.katalon.core.main.TestSuiteExecutor.execute(TestSuiteExecutor.java:81)
	at com.kms.katalon.core.main.TestCaseMain.startTestSuite(TestCaseMain.java:157)
	at com.kms.katalon.core.main.TestCaseMain$startTestSuite$0.call(Unknown Source)
	at TempTestSuite1556831560695.run(TempTestSuite1556831560695.groovy:35)


2019-05-02 23:14:19 - [MESSAGE][WARNING] - Test object with id 'Object Repository/Page_Spring Security Tutorial/input_Category_name' does not exist

2019-05-02 23:14:19 - [MESSAGE][WARNING] - Test object with id 'Object Repository/' does not exist

2019-05-02 23:14:19 - [MESSAGE][FAILED] - Unable to set text
[[ATTACHMENT|C:\\Dev\\JEE\\hardForum\\TestHardForum\\Reports\\katalonTest\\20190502_231232\\1556831659287.png]]

2019-05-02 23:14:19 - [MESSAGE][FAILED] - setText(findTestObject("Page_Spring Security Tutorial/input_Category_name"), categoryName) FAILED.
Reason:
com.kms.katalon.core.exception.StepFailedException: Unable to set text
	at com.kms.katalon.core.keyword.internal.KeywordMain.stepFailed(KeywordMain.groovy:48)
	at com.kms.katalon.core.webui.keyword.internal.WebUIKeywordMain.stepFailed(WebUIKeywordMain.groovy:65)
	at com.kms.katalon.core.webui.keyword.internal.WebUIKeywordMain.runKeyword(WebUIKeywordMain.groovy:27)
	at com.kms.katalon.core.webui.keyword.builtin.SetTextKeyword.setText(SetTextKeyword.groovy:65)
	at com.kms.katalon.core.webui.keyword.builtin.SetTextKeyword.execute(SetTextKeyword.groovy:37)
	at com.kms.katalon.core.keyword.internal.KeywordExecutor.executeKeywordForPlatform(KeywordExecutor.groovy:56)
	at com.kms.katalon.core.webui.keyword.WebUiBuiltInKeywords.setText(WebUiBuiltInKeywords.groovy:950)
	at com.kms.katalon.core.webui.keyword.WebUiBuiltInKeywords$setText$1.call(Unknown Source)
	at addSubForum.run(addSubForum:26)
	at com.kms.katalon.core.main.ScriptEngine.run(ScriptEngine.java:194)
	at com.kms.katalon.core.main.ScriptEngine.runScriptAsRawText(ScriptEngine.java:119)
	at com.kms.katalon.core.main.TestCaseExecutor.runScript(TestCaseExecutor.java:331)
	at com.kms.katalon.core.main.TestCaseExecutor.doExecute(TestCaseExecutor.java:322)
	at com.kms.katalon.core.main.TestCaseExecutor.processExecutionPhase(TestCaseExecutor.java:301)
	at com.kms.katalon.core.main.TestCaseExecutor.accessMainPhase(TestCaseExecutor.java:293)
	at com.kms.katalon.core.main.TestCaseExecutor.execute(TestCaseExecutor.java:227)
	at com.kms.katalon.core.main.TestSuiteExecutor.accessTestCaseMainPhase(TestSuiteExecutor.java:129)
	at com.kms.katalon.core.main.TestSuiteExecutor.accessTestSuiteMainPhase(TestSuiteExecutor.java:112)
	at com.kms.katalon.core.main.TestSuiteExecutor.execute(TestSuiteExecutor.java:81)
	at com.kms.katalon.core.main.TestCaseMain.startTestSuite(TestCaseMain.java:157)
	at com.kms.katalon.core.main.TestCaseMain$startTestSuite$0.call(Unknown Source)
	at TempTestSuite1556831560695.run(TempTestSuite1556831560695.groovy:35)]]></system-out>
         <system-err><![CDATA[2019-05-02 23:14:13 - [TEST_CASE][FAILED] - Test Cases/addSubForum: Test Cases/addSubForum FAILED.
Reason:
com.kms.katalon.core.exception.StepFailedException: Unable to set text
	at com.kms.katalon.core.keyword.internal.KeywordMain.stepFailed(KeywordMain.groovy:48)
	at com.kms.katalon.core.webui.keyword.internal.WebUIKeywordMain.stepFailed(WebUIKeywordMain.groovy:65)
	at com.kms.katalon.core.webui.keyword.internal.WebUIKeywordMain.runKeyword(WebUIKeywordMain.groovy:27)
	at com.kms.katalon.core.webui.keyword.builtin.SetTextKeyword.setText(SetTextKeyword.groovy:65)
	at com.kms.katalon.core.webui.keyword.builtin.SetTextKeyword.execute(SetTextKeyword.groovy:37)
	at com.kms.katalon.core.keyword.internal.KeywordExecutor.executeKeywordForPlatform(KeywordExecutor.groovy:56)
	at com.kms.katalon.core.webui.keyword.WebUiBuiltInKeywords.setText(WebUiBuiltInKeywords.groovy:950)
	at com.kms.katalon.core.webui.keyword.WebUiBuiltInKeywords$setText$1.call(Unknown Source)
	at addSubForum.run(addSubForum:26)
	at com.kms.katalon.core.main.ScriptEngine.run(ScriptEngine.java:194)
	at com.kms.katalon.core.main.ScriptEngine.runScriptAsRawText(ScriptEngine.java:119)
	at com.kms.katalon.core.main.TestCaseExecutor.runScript(TestCaseExecutor.java:331)
	at com.kms.katalon.core.main.TestCaseExecutor.doExecute(TestCaseExecutor.java:322)
	at com.kms.katalon.core.main.TestCaseExecutor.processExecutionPhase(TestCaseExecutor.java:301)
	at com.kms.katalon.core.main.TestCaseExecutor.accessMainPhase(TestCaseExecutor.java:293)
	at com.kms.katalon.core.main.TestCaseExecutor.execute(TestCaseExecutor.java:227)
	at com.kms.katalon.core.main.TestSuiteExecutor.accessTestCaseMainPhase(TestSuiteExecutor.java:129)
	at com.kms.katalon.core.main.TestSuiteExecutor.accessTestSuiteMainPhase(TestSuiteExecutor.java:112)
	at com.kms.katalon.core.main.TestSuiteExecutor.execute(TestSuiteExecutor.java:81)
	at com.kms.katalon.core.main.TestCaseMain.startTestSuite(TestCaseMain.java:157)
	at com.kms.katalon.core.main.TestCaseMain$startTestSuite$0.call(Unknown Source)
	at TempTestSuite1556831560695.run(TempTestSuite1556831560695.groovy:35)]]></system-err>
      </testcase>
      <testcase name="Test Cases/deletePost" classname="Test Cases/deletePost" status="FAILED">
         <failure type="FAILED" message="Test Cases/deletePost FAILED.
Reason:
com.kms.katalon.core.exception.StepFailedException: Unable to click on object 'Object Repository/Page_Spring Security Tutorial/p_Le physique'
	at com.kms.katalon.core.keyword.internal.KeywordMain.stepFailed(KeywordMain.groovy:48)
	at com.kms.katalon.core.webui.keyword.internal.WebUIKeywordMain.stepFailed(WebUIKeywordMain.groovy:65)
	at com.kms.katalon.core.webui.keyword.internal.WebUIKeywordMain.runKeyword(WebUIKeywordMain.groovy:27)
	at com.kms.katalon.core.webui.keyword.builtin.ClickKeyword.click(ClickKeyword.groovy:86)
	at com.kms.katalon.core.webui.keyword.builtin.ClickKeyword.execute(ClickKeyword.groovy:67)
	at com.kms.katalon.core.keyword.internal.KeywordExecutor.executeKeywordForPlatform(KeywordExecutor.groovy:56)
	at com.kms.katalon.core.webui.keyword.WebUiBuiltInKeywords.click(WebUiBuiltInKeywords.groovy:616)
	at com.kms.katalon.core.webui.keyword.WebUiBuiltInKeywords$click$3.call(Unknown Source)
	at deletePost.run(deletePost:26)
	at com.kms.katalon.core.main.ScriptEngine.run(ScriptEngine.java:194)
	at com.kms.katalon.core.main.ScriptEngine.runScriptAsRawText(ScriptEngine.java:119)
	at com.kms.katalon.core.main.TestCaseExecutor.runScript(TestCaseExecutor.java:331)
	at com.kms.katalon.core.main.TestCaseExecutor.doExecute(TestCaseExecutor.java:322)
	at com.kms.katalon.core.main.TestCaseExecutor.processExecutionPhase(TestCaseExecutor.java:301)
	at com.kms.katalon.core.main.TestCaseExecutor.accessMainPhase(TestCaseExecutor.java:293)
	at com.kms.katalon.core.main.TestCaseExecutor.execute(TestCaseExecutor.java:227)
	at com.kms.katalon.core.main.TestSuiteExecutor.accessTestCaseMainPhase(TestSuiteExecutor.java:129)
	at com.kms.katalon.core.main.TestSuiteExecutor.accessTestSuiteMainPhase(TestSuiteExecutor.java:112)
	at com.kms.katalon.core.main.TestSuiteExecutor.execute(TestSuiteExecutor.java:81)
	at com.kms.katalon.core.main.TestCaseMain.startTestSuite(TestCaseMain.java:157)
	at com.kms.katalon.core.main.TestCaseMain$startTestSuite$0.call(Unknown Source)
	at TempTestSuite1556831560695.run(TempTestSuite1556831560695.groovy:35)
"/>
         <system-out><![CDATA[2019-05-02 23:14:19 - [TEST_CASE][FAILED] - Test Cases/deletePost: Test Cases/deletePost FAILED.
Reason:
com.kms.katalon.core.exception.StepFailedException: Unable to click on object 'Object Repository/Page_Spring Security Tutorial/p_Le physique'
	at com.kms.katalon.core.keyword.internal.KeywordMain.stepFailed(KeywordMain.groovy:48)
	at com.kms.katalon.core.webui.keyword.internal.WebUIKeywordMain.stepFailed(WebUIKeywordMain.groovy:65)
	at com.kms.katalon.core.webui.keyword.internal.WebUIKeywordMain.runKeyword(WebUIKeywordMain.groovy:27)
	at com.kms.katalon.core.webui.keyword.builtin.ClickKeyword.click(ClickKeyword.groovy:86)
	at com.kms.katalon.core.webui.keyword.builtin.ClickKeyword.execute(ClickKeyword.groovy:67)
	at com.kms.katalon.core.keyword.internal.KeywordExecutor.executeKeywordForPlatform(KeywordExecutor.groovy:56)
	at com.kms.katalon.core.webui.keyword.WebUiBuiltInKeywords.click(WebUiBuiltInKeywords.groovy:616)
	at com.kms.katalon.core.webui.keyword.WebUiBuiltInKeywords$click$3.call(Unknown Source)
	at deletePost.run(deletePost:26)
	at com.kms.katalon.core.main.ScriptEngine.run(ScriptEngine.java:194)
	at com.kms.katalon.core.main.ScriptEngine.runScriptAsRawText(ScriptEngine.java:119)
	at com.kms.katalon.core.main.TestCaseExecutor.runScript(TestCaseExecutor.java:331)
	at com.kms.katalon.core.main.TestCaseExecutor.doExecute(TestCaseExecutor.java:322)
	at com.kms.katalon.core.main.TestCaseExecutor.processExecutionPhase(TestCaseExecutor.java:301)
	at com.kms.katalon.core.main.TestCaseExecutor.accessMainPhase(TestCaseExecutor.java:293)
	at com.kms.katalon.core.main.TestCaseExecutor.execute(TestCaseExecutor.java:227)
	at com.kms.katalon.core.main.TestSuiteExecutor.accessTestCaseMainPhase(TestSuiteExecutor.java:129)
	at com.kms.katalon.core.main.TestSuiteExecutor.accessTestSuiteMainPhase(TestSuiteExecutor.java:112)
	at com.kms.katalon.core.main.TestSuiteExecutor.execute(TestSuiteExecutor.java:81)
	at com.kms.katalon.core.main.TestCaseMain.startTestSuite(TestCaseMain.java:157)
	at com.kms.katalon.core.main.TestCaseMain$startTestSuite$0.call(Unknown Source)
	at TempTestSuite1556831560695.run(TempTestSuite1556831560695.groovy:35)


2019-05-02 23:14:19 - [TEST_STEP][PASSED] - openBrowser(""): Browser is opened with url: ''

2019-05-02 23:14:19 - [MESSAGE][WARNING] - A browser is already opened. Closing browser and opening a new one

2019-05-02 23:14:20 - [MESSAGE][INFO] - Starting 'Chrome' driver

2019-05-02 23:14:24 - [MESSAGE][PASSED] - Browser is opened with url: ''

2019-05-02 23:14:24 - [TEST_STEP][PASSED] - navigateToUrl("http://localhost:8080/login"): Navigate to 'http://localhost:8080/login' successfully

2019-05-02 23:14:25 - [MESSAGE][PASSED] - Navigate to 'http://localhost:8080/login' successfully

2019-05-02 23:14:25 - [TEST_STEP][PASSED] - setText(findTestObject("Object Repository/Page_Spring Security Tutorial/input_Welcome_name (5)"), "user4"): Text 'user4' is set on object 'Object Repository/Page_Spring Security Tutorial/input_Welcome_name (5)'

2019-05-02 23:14:25 - [MESSAGE][PASSED] - Text 'user4' is set on object 'Object Repository/Page_Spring Security Tutorial/input_Welcome_name (5)'

2019-05-02 23:14:25 - [TEST_STEP][PASSED] - setEncryptedText(findTestObject("Object Repository/Page_Spring Security Tutorial/input_Welcome_password (5)"), "6c7NgI6EUIg="): Text ****** has been set on object 'Object Repository/Page_Spring Security Tutorial/input_Welcome_password (5)'

2019-05-02 23:14:25 - [MESSAGE][PASSED] - Text ****** has been set on object 'Object Repository/Page_Spring Security Tutorial/input_Welcome_password (5)'

2019-05-02 23:14:25 - [TEST_STEP][PASSED] - click(findTestObject("Object Repository/Page_Spring Security Tutorial/button_Login (2)")): Object: 'Object Repository/Page_Spring Security Tutorial/button_Login (2)' is clicked on

2019-05-02 23:14:25 - [MESSAGE][PASSED] - Object: 'Object Repository/Page_Spring Security Tutorial/button_Login (2)' is clicked on

2019-05-02 23:14:25 - [TEST_STEP][FAILED] - click(findTestObject("Object Repository/Page_Spring Security Tutorial/p_Le physique")): click(findTestObject("Object Repository/Page_Spring Security Tutorial/p_Le physique")) FAILED.
Reason:
com.kms.katalon.core.exception.StepFailedException: Unable to click on object 'Object Repository/Page_Spring Security Tutorial/p_Le physique'
	at com.kms.katalon.core.keyword.internal.KeywordMain.stepFailed(KeywordMain.groovy:48)
	at com.kms.katalon.core.webui.keyword.internal.WebUIKeywordMain.stepFailed(WebUIKeywordMain.groovy:65)
	at com.kms.katalon.core.webui.keyword.internal.WebUIKeywordMain.runKeyword(WebUIKeywordMain.groovy:27)
	at com.kms.katalon.core.webui.keyword.builtin.ClickKeyword.click(ClickKeyword.groovy:86)
	at com.kms.katalon.core.webui.keyword.builtin.ClickKeyword.execute(ClickKeyword.groovy:67)
	at com.kms.katalon.core.keyword.internal.KeywordExecutor.executeKeywordForPlatform(KeywordExecutor.groovy:56)
	at com.kms.katalon.core.webui.keyword.WebUiBuiltInKeywords.click(WebUiBuiltInKeywords.groovy:616)
	at com.kms.katalon.core.webui.keyword.WebUiBuiltInKeywords$click$3.call(Unknown Source)
	at deletePost.run(deletePost:26)
	at com.kms.katalon.core.main.ScriptEngine.run(ScriptEngine.java:194)
	at com.kms.katalon.core.main.ScriptEngine.runScriptAsRawText(ScriptEngine.java:119)
	at com.kms.katalon.core.main.TestCaseExecutor.runScript(TestCaseExecutor.java:331)
	at com.kms.katalon.core.main.TestCaseExecutor.doExecute(TestCaseExecutor.java:322)
	at com.kms.katalon.core.main.TestCaseExecutor.processExecutionPhase(TestCaseExecutor.java:301)
	at com.kms.katalon.core.main.TestCaseExecutor.accessMainPhase(TestCaseExecutor.java:293)
	at com.kms.katalon.core.main.TestCaseExecutor.execute(TestCaseExecutor.java:227)
	at com.kms.katalon.core.main.TestSuiteExecutor.accessTestCaseMainPhase(TestSuiteExecutor.java:129)
	at com.kms.katalon.core.main.TestSuiteExecutor.accessTestSuiteMainPhase(TestSuiteExecutor.java:112)
	at com.kms.katalon.core.main.TestSuiteExecutor.execute(TestSuiteExecutor.java:81)
	at com.kms.katalon.core.main.TestCaseMain.startTestSuite(TestCaseMain.java:157)
	at com.kms.katalon.core.main.TestCaseMain$startTestSuite$0.call(Unknown Source)
	at TempTestSuite1556831560695.run(TempTestSuite1556831560695.groovy:35)


2019-05-02 23:14:46 - [MESSAGE][WARNING] - Cannot take screenshot

2019-05-02 23:14:46 - [MESSAGE][FAILED] - Unable to click on object 'Object Repository/Page_Spring Security Tutorial/p_Le physique'

2019-05-02 23:14:46 - [MESSAGE][FAILED] - click(findTestObject("Object Repository/Page_Spring Security Tutorial/p_Le physique")) FAILED.
Reason:
com.kms.katalon.core.exception.StepFailedException: Unable to click on object 'Object Repository/Page_Spring Security Tutorial/p_Le physique'
	at com.kms.katalon.core.keyword.internal.KeywordMain.stepFailed(KeywordMain.groovy:48)
	at com.kms.katalon.core.webui.keyword.internal.WebUIKeywordMain.stepFailed(WebUIKeywordMain.groovy:65)
	at com.kms.katalon.core.webui.keyword.internal.WebUIKeywordMain.runKeyword(WebUIKeywordMain.groovy:27)
	at com.kms.katalon.core.webui.keyword.builtin.ClickKeyword.click(ClickKeyword.groovy:86)
	at com.kms.katalon.core.webui.keyword.builtin.ClickKeyword.execute(ClickKeyword.groovy:67)
	at com.kms.katalon.core.keyword.internal.KeywordExecutor.executeKeywordForPlatform(KeywordExecutor.groovy:56)
	at com.kms.katalon.core.webui.keyword.WebUiBuiltInKeywords.click(WebUiBuiltInKeywords.groovy:616)
	at com.kms.katalon.core.webui.keyword.WebUiBuiltInKeywords$click$3.call(Unknown Source)
	at deletePost.run(deletePost:26)
	at com.kms.katalon.core.main.ScriptEngine.run(ScriptEngine.java:194)
	at com.kms.katalon.core.main.ScriptEngine.runScriptAsRawText(ScriptEngine.java:119)
	at com.kms.katalon.core.main.TestCaseExecutor.runScript(TestCaseExecutor.java:331)
	at com.kms.katalon.core.main.TestCaseExecutor.doExecute(TestCaseExecutor.java:322)
	at com.kms.katalon.core.main.TestCaseExecutor.processExecutionPhase(TestCaseExecutor.java:301)
	at com.kms.katalon.core.main.TestCaseExecutor.accessMainPhase(TestCaseExecutor.java:293)
	at com.kms.katalon.core.main.TestCaseExecutor.execute(TestCaseExecutor.java:227)
	at com.kms.katalon.core.main.TestSuiteExecutor.accessTestCaseMainPhase(TestSuiteExecutor.java:129)
	at com.kms.katalon.core.main.TestSuiteExecutor.accessTestSuiteMainPhase(TestSuiteExecutor.java:112)
	at com.kms.katalon.core.main.TestSuiteExecutor.execute(TestSuiteExecutor.java:81)
	at com.kms.katalon.core.main.TestCaseMain.startTestSuite(TestCaseMain.java:157)
	at com.kms.katalon.core.main.TestCaseMain$startTestSuite$0.call(Unknown Source)
	at TempTestSuite1556831560695.run(TempTestSuite1556831560695.groovy:35)]]></system-out>
         <system-err><![CDATA[2019-05-02 23:14:19 - [TEST_CASE][FAILED] - Test Cases/deletePost: Test Cases/deletePost FAILED.
Reason:
com.kms.katalon.core.exception.StepFailedException: Unable to click on object 'Object Repository/Page_Spring Security Tutorial/p_Le physique'
	at com.kms.katalon.core.keyword.internal.KeywordMain.stepFailed(KeywordMain.groovy:48)
	at com.kms.katalon.core.webui.keyword.internal.WebUIKeywordMain.stepFailed(WebUIKeywordMain.groovy:65)
	at com.kms.katalon.core.webui.keyword.internal.WebUIKeywordMain.runKeyword(WebUIKeywordMain.groovy:27)
	at com.kms.katalon.core.webui.keyword.builtin.ClickKeyword.click(ClickKeyword.groovy:86)
	at com.kms.katalon.core.webui.keyword.builtin.ClickKeyword.execute(ClickKeyword.groovy:67)
	at com.kms.katalon.core.keyword.internal.KeywordExecutor.executeKeywordForPlatform(KeywordExecutor.groovy:56)
	at com.kms.katalon.core.webui.keyword.WebUiBuiltInKeywords.click(WebUiBuiltInKeywords.groovy:616)
	at com.kms.katalon.core.webui.keyword.WebUiBuiltInKeywords$click$3.call(Unknown Source)
	at deletePost.run(deletePost:26)
	at com.kms.katalon.core.main.ScriptEngine.run(ScriptEngine.java:194)
	at com.kms.katalon.core.main.ScriptEngine.runScriptAsRawText(ScriptEngine.java:119)
	at com.kms.katalon.core.main.TestCaseExecutor.runScript(TestCaseExecutor.java:331)
	at com.kms.katalon.core.main.TestCaseExecutor.doExecute(TestCaseExecutor.java:322)
	at com.kms.katalon.core.main.TestCaseExecutor.processExecutionPhase(TestCaseExecutor.java:301)
	at com.kms.katalon.core.main.TestCaseExecutor.accessMainPhase(TestCaseExecutor.java:293)
	at com.kms.katalon.core.main.TestCaseExecutor.execute(TestCaseExecutor.java:227)
	at com.kms.katalon.core.main.TestSuiteExecutor.accessTestCaseMainPhase(TestSuiteExecutor.java:129)
	at com.kms.katalon.core.main.TestSuiteExecutor.accessTestSuiteMainPhase(TestSuiteExecutor.java:112)
	at com.kms.katalon.core.main.TestSuiteExecutor.execute(TestSuiteExecutor.java:81)
	at com.kms.katalon.core.main.TestCaseMain.startTestSuite(TestCaseMain.java:157)
	at com.kms.katalon.core.main.TestCaseMain$startTestSuite$0.call(Unknown Source)
	at TempTestSuite1556831560695.run(TempTestSuite1556831560695.groovy:35)]]></system-err>
      </testcase>
      <testcase name="Test Cases/deleteTopic" classname="Test Cases/deleteTopic" status="FAILED">
         <failure type="FAILED" message="Test Cases/deleteTopic FAILED.
Reason:
com.kms.katalon.core.exception.StepFailedException: Unable to click on object 'Object Repository/p_Le physique'
	at com.kms.katalon.core.keyword.internal.KeywordMain.stepFailed(KeywordMain.groovy:48)
	at com.kms.katalon.core.webui.keyword.internal.WebUIKeywordMain.stepFailed(WebUIKeywordMain.groovy:65)
	at com.kms.katalon.core.webui.keyword.internal.WebUIKeywordMain.runKeyword(WebUIKeywordMain.groovy:27)
	at com.kms.katalon.core.webui.keyword.builtin.ClickKeyword.click(ClickKeyword.groovy:86)
	at com.kms.katalon.core.webui.keyword.builtin.ClickKeyword.execute(ClickKeyword.groovy:67)
	at com.kms.katalon.core.keyword.internal.KeywordExecutor.executeKeywordForPlatform(KeywordExecutor.groovy:56)
	at com.kms.katalon.core.webui.keyword.WebUiBuiltInKeywords.click(WebUiBuiltInKeywords.groovy:616)
	at com.kms.katalon.core.webui.keyword.WebUiBuiltInKeywords$click$3.call(Unknown Source)
	at deleteTopic.run(deleteTopic:26)
	at com.kms.katalon.core.main.ScriptEngine.run(ScriptEngine.java:194)
	at com.kms.katalon.core.main.ScriptEngine.runScriptAsRawText(ScriptEngine.java:119)
	at com.kms.katalon.core.main.TestCaseExecutor.runScript(TestCaseExecutor.java:331)
	at com.kms.katalon.core.main.TestCaseExecutor.doExecute(TestCaseExecutor.java:322)
	at com.kms.katalon.core.main.TestCaseExecutor.processExecutionPhase(TestCaseExecutor.java:301)
	at com.kms.katalon.core.main.TestCaseExecutor.accessMainPhase(TestCaseExecutor.java:293)
	at com.kms.katalon.core.main.TestCaseExecutor.execute(TestCaseExecutor.java:227)
	at com.kms.katalon.core.main.TestSuiteExecutor.accessTestCaseMainPhase(TestSuiteExecutor.java:129)
	at com.kms.katalon.core.main.TestSuiteExecutor.accessTestSuiteMainPhase(TestSuiteExecutor.java:112)
	at com.kms.katalon.core.main.TestSuiteExecutor.execute(TestSuiteExecutor.java:81)
	at com.kms.katalon.core.main.TestCaseMain.startTestSuite(TestCaseMain.java:157)
	at com.kms.katalon.core.main.TestCaseMain$startTestSuite$0.call(Unknown Source)
	at TempTestSuite1556831560695.run(TempTestSuite1556831560695.groovy:35)
"/>
         <system-out><![CDATA[2019-05-02 23:14:46 - [TEST_CASE][FAILED] - Test Cases/deleteTopic: Test Cases/deleteTopic FAILED.
Reason:
com.kms.katalon.core.exception.StepFailedException: Unable to click on object 'Object Repository/p_Le physique'
	at com.kms.katalon.core.keyword.internal.KeywordMain.stepFailed(KeywordMain.groovy:48)
	at com.kms.katalon.core.webui.keyword.internal.WebUIKeywordMain.stepFailed(WebUIKeywordMain.groovy:65)
	at com.kms.katalon.core.webui.keyword.internal.WebUIKeywordMain.runKeyword(WebUIKeywordMain.groovy:27)
	at com.kms.katalon.core.webui.keyword.builtin.ClickKeyword.click(ClickKeyword.groovy:86)
	at com.kms.katalon.core.webui.keyword.builtin.ClickKeyword.execute(ClickKeyword.groovy:67)
	at com.kms.katalon.core.keyword.internal.KeywordExecutor.executeKeywordForPlatform(KeywordExecutor.groovy:56)
	at com.kms.katalon.core.webui.keyword.WebUiBuiltInKeywords.click(WebUiBuiltInKeywords.groovy:616)
	at com.kms.katalon.core.webui.keyword.WebUiBuiltInKeywords$click$3.call(Unknown Source)
	at deleteTopic.run(deleteTopic:26)
	at com.kms.katalon.core.main.ScriptEngine.run(ScriptEngine.java:194)
	at com.kms.katalon.core.main.ScriptEngine.runScriptAsRawText(ScriptEngine.java:119)
	at com.kms.katalon.core.main.TestCaseExecutor.runScript(TestCaseExecutor.java:331)
	at com.kms.katalon.core.main.TestCaseExecutor.doExecute(TestCaseExecutor.java:322)
	at com.kms.katalon.core.main.TestCaseExecutor.processExecutionPhase(TestCaseExecutor.java:301)
	at com.kms.katalon.core.main.TestCaseExecutor.accessMainPhase(TestCaseExecutor.java:293)
	at com.kms.katalon.core.main.TestCaseExecutor.execute(TestCaseExecutor.java:227)
	at com.kms.katalon.core.main.TestSuiteExecutor.accessTestCaseMainPhase(TestSuiteExecutor.java:129)
	at com.kms.katalon.core.main.TestSuiteExecutor.accessTestSuiteMainPhase(TestSuiteExecutor.java:112)
	at com.kms.katalon.core.main.TestSuiteExecutor.execute(TestSuiteExecutor.java:81)
	at com.kms.katalon.core.main.TestCaseMain.startTestSuite(TestCaseMain.java:157)
	at com.kms.katalon.core.main.TestCaseMain$startTestSuite$0.call(Unknown Source)
	at TempTestSuite1556831560695.run(TempTestSuite1556831560695.groovy:35)


2019-05-02 23:14:47 - [TEST_STEP][PASSED] - openBrowser(""): Browser is opened with url: ''

2019-05-02 23:14:47 - [MESSAGE][WARNING] - A browser is already opened. Closing browser and opening a new one

2019-05-02 23:14:47 - [MESSAGE][INFO] - Starting 'Chrome' driver

2019-05-02 23:14:51 - [MESSAGE][PASSED] - Browser is opened with url: ''

2019-05-02 23:14:51 - [TEST_STEP][PASSED] - navigateToUrl("http://localhost:8080/login"): Navigate to 'http://localhost:8080/login' successfully

2019-05-02 23:14:51 - [MESSAGE][PASSED] - Navigate to 'http://localhost:8080/login' successfully

2019-05-02 23:14:51 - [TEST_STEP][PASSED] - setText(findTestObject("Object Repository/input_Welcome_name (5)"), "user4"): Text 'user4' is set on object 'Object Repository/input_Welcome_name (5)'

2019-05-02 23:14:51 - [MESSAGE][PASSED] - Text 'user4' is set on object 'Object Repository/input_Welcome_name (5)'

2019-05-02 23:14:51 - [TEST_STEP][PASSED] - setEncryptedText(findTestObject("Object Repository/input_Welcome_password (5)"), "6c7NgI6EUIg="): Text ****** has been set on object 'Object Repository/input_Welcome_password (5)'

2019-05-02 23:14:51 - [MESSAGE][PASSED] - Text ****** has been set on object 'Object Repository/input_Welcome_password (5)'

2019-05-02 23:14:51 - [TEST_STEP][PASSED] - click(findTestObject("Object Repository/button_Login (2)")): Object: 'Object Repository/button_Login (2)' is clicked on

2019-05-02 23:14:52 - [MESSAGE][PASSED] - Object: 'Object Repository/button_Login (2)' is clicked on

2019-05-02 23:14:52 - [TEST_STEP][FAILED] - click(findTestObject("Object Repository/p_Le physique")): click(findTestObject("Object Repository/p_Le physique")) FAILED.
Reason:
com.kms.katalon.core.exception.StepFailedException: Unable to click on object 'Object Repository/p_Le physique'
	at com.kms.katalon.core.keyword.internal.KeywordMain.stepFailed(KeywordMain.groovy:48)
	at com.kms.katalon.core.webui.keyword.internal.WebUIKeywordMain.stepFailed(WebUIKeywordMain.groovy:65)
	at com.kms.katalon.core.webui.keyword.internal.WebUIKeywordMain.runKeyword(WebUIKeywordMain.groovy:27)
	at com.kms.katalon.core.webui.keyword.builtin.ClickKeyword.click(ClickKeyword.groovy:86)
	at com.kms.katalon.core.webui.keyword.builtin.ClickKeyword.execute(ClickKeyword.groovy:67)
	at com.kms.katalon.core.keyword.internal.KeywordExecutor.executeKeywordForPlatform(KeywordExecutor.groovy:56)
	at com.kms.katalon.core.webui.keyword.WebUiBuiltInKeywords.click(WebUiBuiltInKeywords.groovy:616)
	at com.kms.katalon.core.webui.keyword.WebUiBuiltInKeywords$click$3.call(Unknown Source)
	at deleteTopic.run(deleteTopic:26)
	at com.kms.katalon.core.main.ScriptEngine.run(ScriptEngine.java:194)
	at com.kms.katalon.core.main.ScriptEngine.runScriptAsRawText(ScriptEngine.java:119)
	at com.kms.katalon.core.main.TestCaseExecutor.runScript(TestCaseExecutor.java:331)
	at com.kms.katalon.core.main.TestCaseExecutor.doExecute(TestCaseExecutor.java:322)
	at com.kms.katalon.core.main.TestCaseExecutor.processExecutionPhase(TestCaseExecutor.java:301)
	at com.kms.katalon.core.main.TestCaseExecutor.accessMainPhase(TestCaseExecutor.java:293)
	at com.kms.katalon.core.main.TestCaseExecutor.execute(TestCaseExecutor.java:227)
	at com.kms.katalon.core.main.TestSuiteExecutor.accessTestCaseMainPhase(TestSuiteExecutor.java:129)
	at com.kms.katalon.core.main.TestSuiteExecutor.accessTestSuiteMainPhase(TestSuiteExecutor.java:112)
	at com.kms.katalon.core.main.TestSuiteExecutor.execute(TestSuiteExecutor.java:81)
	at com.kms.katalon.core.main.TestCaseMain.startTestSuite(TestCaseMain.java:157)
	at com.kms.katalon.core.main.TestCaseMain$startTestSuite$0.call(Unknown Source)
	at TempTestSuite1556831560695.run(TempTestSuite1556831560695.groovy:35)


2019-05-02 23:15:09 - [MESSAGE][WARNING] - Cannot take screenshot

2019-05-02 23:15:09 - [MESSAGE][FAILED] - Unable to click on object 'Object Repository/p_Le physique'

2019-05-02 23:15:09 - [MESSAGE][FAILED] - click(findTestObject("Object Repository/p_Le physique")) FAILED.
Reason:
com.kms.katalon.core.exception.StepFailedException: Unable to click on object 'Object Repository/p_Le physique'
	at com.kms.katalon.core.keyword.internal.KeywordMain.stepFailed(KeywordMain.groovy:48)
	at com.kms.katalon.core.webui.keyword.internal.WebUIKeywordMain.stepFailed(WebUIKeywordMain.groovy:65)
	at com.kms.katalon.core.webui.keyword.internal.WebUIKeywordMain.runKeyword(WebUIKeywordMain.groovy:27)
	at com.kms.katalon.core.webui.keyword.builtin.ClickKeyword.click(ClickKeyword.groovy:86)
	at com.kms.katalon.core.webui.keyword.builtin.ClickKeyword.execute(ClickKeyword.groovy:67)
	at com.kms.katalon.core.keyword.internal.KeywordExecutor.executeKeywordForPlatform(KeywordExecutor.groovy:56)
	at com.kms.katalon.core.webui.keyword.WebUiBuiltInKeywords.click(WebUiBuiltInKeywords.groovy:616)
	at com.kms.katalon.core.webui.keyword.WebUiBuiltInKeywords$click$3.call(Unknown Source)
	at deleteTopic.run(deleteTopic:26)
	at com.kms.katalon.core.main.ScriptEngine.run(ScriptEngine.java:194)
	at com.kms.katalon.core.main.ScriptEngine.runScriptAsRawText(ScriptEngine.java:119)
	at com.kms.katalon.core.main.TestCaseExecutor.runScript(TestCaseExecutor.java:331)
	at com.kms.katalon.core.main.TestCaseExecutor.doExecute(TestCaseExecutor.java:322)
	at com.kms.katalon.core.main.TestCaseExecutor.processExecutionPhase(TestCaseExecutor.java:301)
	at com.kms.katalon.core.main.TestCaseExecutor.accessMainPhase(TestCaseExecutor.java:293)
	at com.kms.katalon.core.main.TestCaseExecutor.execute(TestCaseExecutor.java:227)
	at com.kms.katalon.core.main.TestSuiteExecutor.accessTestCaseMainPhase(TestSuiteExecutor.java:129)
	at com.kms.katalon.core.main.TestSuiteExecutor.accessTestSuiteMainPhase(TestSuiteExecutor.java:112)
	at com.kms.katalon.core.main.TestSuiteExecutor.execute(TestSuiteExecutor.java:81)
	at com.kms.katalon.core.main.TestCaseMain.startTestSuite(TestCaseMain.java:157)
	at com.kms.katalon.core.main.TestCaseMain$startTestSuite$0.call(Unknown Source)
	at TempTestSuite1556831560695.run(TempTestSuite1556831560695.groovy:35)]]></system-out>
         <system-err><![CDATA[2019-05-02 23:14:46 - [TEST_CASE][FAILED] - Test Cases/deleteTopic: Test Cases/deleteTopic FAILED.
Reason:
com.kms.katalon.core.exception.StepFailedException: Unable to click on object 'Object Repository/p_Le physique'
	at com.kms.katalon.core.keyword.internal.KeywordMain.stepFailed(KeywordMain.groovy:48)
	at com.kms.katalon.core.webui.keyword.internal.WebUIKeywordMain.stepFailed(WebUIKeywordMain.groovy:65)
	at com.kms.katalon.core.webui.keyword.internal.WebUIKeywordMain.runKeyword(WebUIKeywordMain.groovy:27)
	at com.kms.katalon.core.webui.keyword.builtin.ClickKeyword.click(ClickKeyword.groovy:86)
	at com.kms.katalon.core.webui.keyword.builtin.ClickKeyword.execute(ClickKeyword.groovy:67)
	at com.kms.katalon.core.keyword.internal.KeywordExecutor.executeKeywordForPlatform(KeywordExecutor.groovy:56)
	at com.kms.katalon.core.webui.keyword.WebUiBuiltInKeywords.click(WebUiBuiltInKeywords.groovy:616)
	at com.kms.katalon.core.webui.keyword.WebUiBuiltInKeywords$click$3.call(Unknown Source)
	at deleteTopic.run(deleteTopic:26)
	at com.kms.katalon.core.main.ScriptEngine.run(ScriptEngine.java:194)
	at com.kms.katalon.core.main.ScriptEngine.runScriptAsRawText(ScriptEngine.java:119)
	at com.kms.katalon.core.main.TestCaseExecutor.runScript(TestCaseExecutor.java:331)
	at com.kms.katalon.core.main.TestCaseExecutor.doExecute(TestCaseExecutor.java:322)
	at com.kms.katalon.core.main.TestCaseExecutor.processExecutionPhase(TestCaseExecutor.java:301)
	at com.kms.katalon.core.main.TestCaseExecutor.accessMainPhase(TestCaseExecutor.java:293)
	at com.kms.katalon.core.main.TestCaseExecutor.execute(TestCaseExecutor.java:227)
	at com.kms.katalon.core.main.TestSuiteExecutor.accessTestCaseMainPhase(TestSuiteExecutor.java:129)
	at com.kms.katalon.core.main.TestSuiteExecutor.accessTestSuiteMainPhase(TestSuiteExecutor.java:112)
	at com.kms.katalon.core.main.TestSuiteExecutor.execute(TestSuiteExecutor.java:81)
	at com.kms.katalon.core.main.TestCaseMain.startTestSuite(TestCaseMain.java:157)
	at com.kms.katalon.core.main.TestCaseMain$startTestSuite$0.call(Unknown Source)
	at TempTestSuite1556831560695.run(TempTestSuite1556831560695.groovy:35)]]></system-err>
      </testcase>
      <testcase name="Test Cases/LoginWrongPassword" classname="Test Cases/LoginWrongPassword" status="PASSED">
         <system-out><![CDATA[2019-05-02 23:15:09 - [TEST_CASE][PASSED] - Test Cases/LoginWrongPassword: Test Cases/LoginWrongPassword

2019-05-02 23:15:10 - [TEST_STEP][PASSED] - openBrowser(""): Browser is opened with url: ''

2019-05-02 23:15:10 - [MESSAGE][WARNING] - A browser is already opened. Closing browser and opening a new one

2019-05-02 23:15:10 - [MESSAGE][INFO] - Starting 'Chrome' driver

2019-05-02 23:15:14 - [MESSAGE][PASSED] - Browser is opened with url: ''

2019-05-02 23:15:14 - [TEST_STEP][PASSED] - navigateToUrl("http://localhost:8080/login"): Navigate to 'http://localhost:8080/login' successfully

2019-05-02 23:15:14 - [MESSAGE][PASSED] - Navigate to 'http://localhost:8080/login' successfully

2019-05-02 23:15:14 - [TEST_STEP][PASSED] - setText(findTestObject("Page_Spring Security Tutorial/input_Welcome_name"), "user2"): Text 'user2' is set on object 'Object Repository/Page_Spring Security Tutorial/input_Welcome_name'

2019-05-02 23:15:14 - [MESSAGE][PASSED] - Text 'user2' is set on object 'Object Repository/Page_Spring Security Tutorial/input_Welcome_name'

2019-05-02 23:15:14 - [TEST_STEP][PASSED] - setEncryptedText(findTestObject("Page_Spring Security Tutorial/input_Welcome_password"), "BMMEIUJfJqT7EwQg/H/oNQ=="): Text ****** has been set on object 'Object Repository/Page_Spring Security Tutorial/input_Welcome_password'

2019-05-02 23:15:15 - [MESSAGE][PASSED] - Text ****** has been set on object 'Object Repository/Page_Spring Security Tutorial/input_Welcome_password'

2019-05-02 23:15:15 - [TEST_STEP][PASSED] - click(findTestObject("Page_Spring Security Tutorial/button_Login")): Object: 'Object Repository/Page_Spring Security Tutorial/button_Login' is clicked on

2019-05-02 23:15:15 - [MESSAGE][PASSED] - Object: 'Object Repository/Page_Spring Security Tutorial/button_Login' is clicked on

2019-05-02 23:15:15 - [TEST_STEP][PASSED] - click(findTestObject("Page_Spring Security Tutorial/p_name or Password invalid please verify")): Object: 'Object Repository/Page_Spring Security Tutorial/p_name or Password invalid please verify' is clicked on

2019-05-02 23:15:15 - [MESSAGE][PASSED] - Object: 'Object Repository/Page_Spring Security Tutorial/p_name or Password invalid please verify' is clicked on

2019-05-02 23:15:15 - [TEST_STEP][PASSED] - assert "http://localhost:8080/login?error=true" == getUrl(): Current window's url is: 'http://localhost:8080/login?error=true'

2019-05-02 23:15:15 - [MESSAGE][PASSED] - Current window's url is: 'http://localhost:8080/login?error=true']]></system-out>
         <system-err><![CDATA[]]></system-err>
      </testcase>
      <testcase name="Test Cases/modifyProfile" classname="Test Cases/modifyProfile" status="ERROR">
         <error type="ERROR" message="Test Cases/modifyProfile FAILED.
Reason:
groovy.lang.MissingPropertyException: No such property: Keys for class: Script1556825600815
	at modifyProfile.run(modifyProfile:22)
	at com.kms.katalon.core.main.ScriptEngine.run(ScriptEngine.java:194)
	at com.kms.katalon.core.main.ScriptEngine.runScriptAsRawText(ScriptEngine.java:119)
	at com.kms.katalon.core.main.TestCaseExecutor.runScript(TestCaseExecutor.java:331)
	at com.kms.katalon.core.main.TestCaseExecutor.doExecute(TestCaseExecutor.java:322)
	at com.kms.katalon.core.main.TestCaseExecutor.processExecutionPhase(TestCaseExecutor.java:301)
	at com.kms.katalon.core.main.TestCaseExecutor.accessMainPhase(TestCaseExecutor.java:293)
	at com.kms.katalon.core.main.TestCaseExecutor.execute(TestCaseExecutor.java:227)
	at com.kms.katalon.core.main.TestSuiteExecutor.accessTestCaseMainPhase(TestSuiteExecutor.java:129)
	at com.kms.katalon.core.main.TestSuiteExecutor.accessTestSuiteMainPhase(TestSuiteExecutor.java:112)
	at com.kms.katalon.core.main.TestSuiteExecutor.execute(TestSuiteExecutor.java:81)
	at com.kms.katalon.core.main.TestCaseMain.startTestSuite(TestCaseMain.java:157)
	at com.kms.katalon.core.main.TestCaseMain$startTestSuite$0.call(Unknown Source)
	at TempTestSuite1556831560695.run(TempTestSuite1556831560695.groovy:35)
"/>
         <system-out><![CDATA[2019-05-02 23:15:15 - [TEST_CASE][ERROR] - Test Cases/modifyProfile: Test Cases/modifyProfile FAILED.
Reason:
groovy.lang.MissingPropertyException: No such property: Keys for class: Script1556825600815
	at modifyProfile.run(modifyProfile:22)
	at com.kms.katalon.core.main.ScriptEngine.run(ScriptEngine.java:194)
	at com.kms.katalon.core.main.ScriptEngine.runScriptAsRawText(ScriptEngine.java:119)
	at com.kms.katalon.core.main.TestCaseExecutor.runScript(TestCaseExecutor.java:331)
	at com.kms.katalon.core.main.TestCaseExecutor.doExecute(TestCaseExecutor.java:322)
	at com.kms.katalon.core.main.TestCaseExecutor.processExecutionPhase(TestCaseExecutor.java:301)
	at com.kms.katalon.core.main.TestCaseExecutor.accessMainPhase(TestCaseExecutor.java:293)
	at com.kms.katalon.core.main.TestCaseExecutor.execute(TestCaseExecutor.java:227)
	at com.kms.katalon.core.main.TestSuiteExecutor.accessTestCaseMainPhase(TestSuiteExecutor.java:129)
	at com.kms.katalon.core.main.TestSuiteExecutor.accessTestSuiteMainPhase(TestSuiteExecutor.java:112)
	at com.kms.katalon.core.main.TestSuiteExecutor.execute(TestSuiteExecutor.java:81)
	at com.kms.katalon.core.main.TestCaseMain.startTestSuite(TestCaseMain.java:157)
	at com.kms.katalon.core.main.TestCaseMain$startTestSuite$0.call(Unknown Source)
	at TempTestSuite1556831560695.run(TempTestSuite1556831560695.groovy:35)


2019-05-02 23:15:15 - [TEST_STEP][PASSED] - navigateToUrl("http://localhost:8080/login"): Navigate to 'http://localhost:8080/login' successfully

2019-05-02 23:15:15 - [MESSAGE][PASSED] - Navigate to 'http://localhost:8080/login' successfully

2019-05-02 23:15:15 - [TEST_STEP][PASSED] - setText(findTestObject("Object Repository/input_Welcome_name (9)"), "user2"): Text 'user2' is set on object 'Object Repository/input_Welcome_name (9)'

2019-05-02 23:15:15 - [MESSAGE][PASSED] - Text 'user2' is set on object 'Object Repository/input_Welcome_name (9)'

2019-05-02 23:15:15 - [TEST_STEP][PASSED] - setEncryptedText(findTestObject("Object Repository/input_Welcome_password (9)"), "jEDueeLlpJI="): Text ****** has been set on object 'Object Repository/input_Welcome_password (9)'

2019-05-02 23:15:16 - [MESSAGE][PASSED] - Text ****** has been set on object 'Object Repository/input_Welcome_password (9)'

2019-05-02 23:15:16 - [TEST_STEP][ERROR] - sendKeys(findTestObject("Object Repository/input_Welcome_password (9)"), Keys.chord(ENTER)): sendKeys(findTestObject("Object Repository/input_Welcome_password (9)"), Keys.chord(ENTER)) FAILED.
Reason:
groovy.lang.MissingPropertyException: No such property: Keys for class: Script1556825600815
	at modifyProfile.run(modifyProfile:22)
	at com.kms.katalon.core.main.ScriptEngine.run(ScriptEngine.java:194)
	at com.kms.katalon.core.main.ScriptEngine.runScriptAsRawText(ScriptEngine.java:119)
	at com.kms.katalon.core.main.TestCaseExecutor.runScript(TestCaseExecutor.java:331)
	at com.kms.katalon.core.main.TestCaseExecutor.doExecute(TestCaseExecutor.java:322)
	at com.kms.katalon.core.main.TestCaseExecutor.processExecutionPhase(TestCaseExecutor.java:301)
	at com.kms.katalon.core.main.TestCaseExecutor.accessMainPhase(TestCaseExecutor.java:293)
	at com.kms.katalon.core.main.TestCaseExecutor.execute(TestCaseExecutor.java:227)
	at com.kms.katalon.core.main.TestSuiteExecutor.accessTestCaseMainPhase(TestSuiteExecutor.java:129)
	at com.kms.katalon.core.main.TestSuiteExecutor.accessTestSuiteMainPhase(TestSuiteExecutor.java:112)
	at com.kms.katalon.core.main.TestSuiteExecutor.execute(TestSuiteExecutor.java:81)
	at com.kms.katalon.core.main.TestCaseMain.startTestSuite(TestCaseMain.java:157)
	at com.kms.katalon.core.main.TestCaseMain$startTestSuite$0.call(Unknown Source)
	at TempTestSuite1556831560695.run(TempTestSuite1556831560695.groovy:35)


2019-05-02 23:15:16 - [MESSAGE][ERROR] - sendKeys(findTestObject("Object Repository/input_Welcome_password (9)"), Keys.chord(ENTER)) FAILED.
Reason:
groovy.lang.MissingPropertyException: No such property: Keys for class: Script1556825600815
	at modifyProfile.run(modifyProfile:22)
	at com.kms.katalon.core.main.ScriptEngine.run(ScriptEngine.java:194)
	at com.kms.katalon.core.main.ScriptEngine.runScriptAsRawText(ScriptEngine.java:119)
	at com.kms.katalon.core.main.TestCaseExecutor.runScript(TestCaseExecutor.java:331)
	at com.kms.katalon.core.main.TestCaseExecutor.doExecute(TestCaseExecutor.java:322)
	at com.kms.katalon.core.main.TestCaseExecutor.processExecutionPhase(TestCaseExecutor.java:301)
	at com.kms.katalon.core.main.TestCaseExecutor.accessMainPhase(TestCaseExecutor.java:293)
	at com.kms.katalon.core.main.TestCaseExecutor.execute(TestCaseExecutor.java:227)
	at com.kms.katalon.core.main.TestSuiteExecutor.accessTestCaseMainPhase(TestSuiteExecutor.java:129)
	at com.kms.katalon.core.main.TestSuiteExecutor.accessTestSuiteMainPhase(TestSuiteExecutor.java:112)
	at com.kms.katalon.core.main.TestSuiteExecutor.execute(TestSuiteExecutor.java:81)
	at com.kms.katalon.core.main.TestCaseMain.startTestSuite(TestCaseMain.java:157)
	at com.kms.katalon.core.main.TestCaseMain$startTestSuite$0.call(Unknown Source)
	at TempTestSuite1556831560695.run(TempTestSuite1556831560695.groovy:35)]]></system-out>
         <system-err><![CDATA[2019-05-02 23:15:15 - [TEST_CASE][ERROR] - Test Cases/modifyProfile: Test Cases/modifyProfile FAILED.
Reason:
groovy.lang.MissingPropertyException: No such property: Keys for class: Script1556825600815
	at modifyProfile.run(modifyProfile:22)
	at com.kms.katalon.core.main.ScriptEngine.run(ScriptEngine.java:194)
	at com.kms.katalon.core.main.ScriptEngine.runScriptAsRawText(ScriptEngine.java:119)
	at com.kms.katalon.core.main.TestCaseExecutor.runScript(TestCaseExecutor.java:331)
	at com.kms.katalon.core.main.TestCaseExecutor.doExecute(TestCaseExecutor.java:322)
	at com.kms.katalon.core.main.TestCaseExecutor.processExecutionPhase(TestCaseExecutor.java:301)
	at com.kms.katalon.core.main.TestCaseExecutor.accessMainPhase(TestCaseExecutor.java:293)
	at com.kms.katalon.core.main.TestCaseExecutor.execute(TestCaseExecutor.java:227)
	at com.kms.katalon.core.main.TestSuiteExecutor.accessTestCaseMainPhase(TestSuiteExecutor.java:129)
	at com.kms.katalon.core.main.TestSuiteExecutor.accessTestSuiteMainPhase(TestSuiteExecutor.java:112)
	at com.kms.katalon.core.main.TestSuiteExecutor.execute(TestSuiteExecutor.java:81)
	at com.kms.katalon.core.main.TestCaseMain.startTestSuite(TestCaseMain.java:157)
	at com.kms.katalon.core.main.TestCaseMain$startTestSuite$0.call(Unknown Source)
	at TempTestSuite1556831560695.run(TempTestSuite1556831560695.groovy:35)]]></system-err>
      </testcase>
      <testcase name="Test Cases/RegisterNewUser" classname="Test Cases/RegisterNewUser" status="FAILED">
         <failure type="FAILED" message="Test Cases/RegisterNewUser FAILED.
Reason:
com.kms.katalon.core.exception.StepFailedException: Unable to click on object 'Object Repository/Page_Spring Security Tutorial/button_Go To Registration Page'
	at com.kms.katalon.core.keyword.internal.KeywordMain.stepFailed(KeywordMain.groovy:48)
	at com.kms.katalon.core.webui.keyword.internal.WebUIKeywordMain.stepFailed(WebUIKeywordMain.groovy:65)
	at com.kms.katalon.core.webui.keyword.internal.WebUIKeywordMain.runKeyword(WebUIKeywordMain.groovy:27)
	at com.kms.katalon.core.webui.keyword.builtin.ClickKeyword.click(ClickKeyword.groovy:86)
	at com.kms.katalon.core.webui.keyword.builtin.ClickKeyword.execute(ClickKeyword.groovy:67)
	at com.kms.katalon.core.keyword.internal.KeywordExecutor.executeKeywordForPlatform(KeywordExecutor.groovy:56)
	at com.kms.katalon.core.webui.keyword.WebUiBuiltInKeywords.click(WebUiBuiltInKeywords.groovy:616)
	at com.kms.katalon.core.webui.keyword.WebUiBuiltInKeywords$click$3.call(Unknown Source)
	at RegisterNewUser.run(RegisterNewUser:18)
	at com.kms.katalon.core.main.ScriptEngine.run(ScriptEngine.java:194)
	at com.kms.katalon.core.main.ScriptEngine.runScriptAsRawText(ScriptEngine.java:119)
	at com.kms.katalon.core.main.TestCaseExecutor.runScript(TestCaseExecutor.java:331)
	at com.kms.katalon.core.main.TestCaseExecutor.doExecute(TestCaseExecutor.java:322)
	at com.kms.katalon.core.main.TestCaseExecutor.processExecutionPhase(TestCaseExecutor.java:301)
	at com.kms.katalon.core.main.TestCaseExecutor.accessMainPhase(TestCaseExecutor.java:293)
	at com.kms.katalon.core.main.TestCaseExecutor.execute(TestCaseExecutor.java:227)
	at com.kms.katalon.core.main.TestSuiteExecutor.accessTestCaseMainPhase(TestSuiteExecutor.java:129)
	at com.kms.katalon.core.main.TestSuiteExecutor.accessTestSuiteMainPhase(TestSuiteExecutor.java:112)
	at com.kms.katalon.core.main.TestSuiteExecutor.execute(TestSuiteExecutor.java:81)
	at com.kms.katalon.core.main.TestCaseMain.startTestSuite(TestCaseMain.java:157)
	at com.kms.katalon.core.main.TestCaseMain$startTestSuite$0.call(Unknown Source)
	at TempTestSuite1556831560695.run(TempTestSuite1556831560695.groovy:35)
"/>
         <system-out><![CDATA[2019-05-02 23:15:16 - [TEST_CASE][FAILED] - Test Cases/RegisterNewUser: Test Cases/RegisterNewUser FAILED.
Reason:
com.kms.katalon.core.exception.StepFailedException: Unable to click on object 'Object Repository/Page_Spring Security Tutorial/button_Go To Registration Page'
	at com.kms.katalon.core.keyword.internal.KeywordMain.stepFailed(KeywordMain.groovy:48)
	at com.kms.katalon.core.webui.keyword.internal.WebUIKeywordMain.stepFailed(WebUIKeywordMain.groovy:65)
	at com.kms.katalon.core.webui.keyword.internal.WebUIKeywordMain.runKeyword(WebUIKeywordMain.groovy:27)
	at com.kms.katalon.core.webui.keyword.builtin.ClickKeyword.click(ClickKeyword.groovy:86)
	at com.kms.katalon.core.webui.keyword.builtin.ClickKeyword.execute(ClickKeyword.groovy:67)
	at com.kms.katalon.core.keyword.internal.KeywordExecutor.executeKeywordForPlatform(KeywordExecutor.groovy:56)
	at com.kms.katalon.core.webui.keyword.WebUiBuiltInKeywords.click(WebUiBuiltInKeywords.groovy:616)
	at com.kms.katalon.core.webui.keyword.WebUiBuiltInKeywords$click$3.call(Unknown Source)
	at RegisterNewUser.run(RegisterNewUser:18)
	at com.kms.katalon.core.main.ScriptEngine.run(ScriptEngine.java:194)
	at com.kms.katalon.core.main.ScriptEngine.runScriptAsRawText(ScriptEngine.java:119)
	at com.kms.katalon.core.main.TestCaseExecutor.runScript(TestCaseExecutor.java:331)
	at com.kms.katalon.core.main.TestCaseExecutor.doExecute(TestCaseExecutor.java:322)
	at com.kms.katalon.core.main.TestCaseExecutor.processExecutionPhase(TestCaseExecutor.java:301)
	at com.kms.katalon.core.main.TestCaseExecutor.accessMainPhase(TestCaseExecutor.java:293)
	at com.kms.katalon.core.main.TestCaseExecutor.execute(TestCaseExecutor.java:227)
	at com.kms.katalon.core.main.TestSuiteExecutor.accessTestCaseMainPhase(TestSuiteExecutor.java:129)
	at com.kms.katalon.core.main.TestSuiteExecutor.accessTestSuiteMainPhase(TestSuiteExecutor.java:112)
	at com.kms.katalon.core.main.TestSuiteExecutor.execute(TestSuiteExecutor.java:81)
	at com.kms.katalon.core.main.TestCaseMain.startTestSuite(TestCaseMain.java:157)
	at com.kms.katalon.core.main.TestCaseMain$startTestSuite$0.call(Unknown Source)
	at TempTestSuite1556831560695.run(TempTestSuite1556831560695.groovy:35)


2019-05-02 23:15:16 - [TEST_STEP][PASSED] - openBrowser(""): Browser is opened with url: ''

2019-05-02 23:15:16 - [MESSAGE][WARNING] - A browser is already opened. Closing browser and opening a new one

2019-05-02 23:15:17 - [MESSAGE][INFO] - Starting 'Chrome' driver

2019-05-02 23:15:20 - [MESSAGE][PASSED] - Browser is opened with url: ''

2019-05-02 23:15:20 - [TEST_STEP][FAILED] - click(findTestObject("Object Repository/Page_Spring Security Tutorial/button_Go To Registration Page")): click(findTestObject("Object Repository/Page_Spring Security Tutorial/button_Go To Registration Page")) FAILED.
Reason:
com.kms.katalon.core.exception.StepFailedException: Unable to click on object 'Object Repository/Page_Spring Security Tutorial/button_Go To Registration Page'
	at com.kms.katalon.core.keyword.internal.KeywordMain.stepFailed(KeywordMain.groovy:48)
	at com.kms.katalon.core.webui.keyword.internal.WebUIKeywordMain.stepFailed(WebUIKeywordMain.groovy:65)
	at com.kms.katalon.core.webui.keyword.internal.WebUIKeywordMain.runKeyword(WebUIKeywordMain.groovy:27)
	at com.kms.katalon.core.webui.keyword.builtin.ClickKeyword.click(ClickKeyword.groovy:86)
	at com.kms.katalon.core.webui.keyword.builtin.ClickKeyword.execute(ClickKeyword.groovy:67)
	at com.kms.katalon.core.keyword.internal.KeywordExecutor.executeKeywordForPlatform(KeywordExecutor.groovy:56)
	at com.kms.katalon.core.webui.keyword.WebUiBuiltInKeywords.click(WebUiBuiltInKeywords.groovy:616)
	at com.kms.katalon.core.webui.keyword.WebUiBuiltInKeywords$click$3.call(Unknown Source)
	at RegisterNewUser.run(RegisterNewUser:18)
	at com.kms.katalon.core.main.ScriptEngine.run(ScriptEngine.java:194)
	at com.kms.katalon.core.main.ScriptEngine.runScriptAsRawText(ScriptEngine.java:119)
	at com.kms.katalon.core.main.TestCaseExecutor.runScript(TestCaseExecutor.java:331)
	at com.kms.katalon.core.main.TestCaseExecutor.doExecute(TestCaseExecutor.java:322)
	at com.kms.katalon.core.main.TestCaseExecutor.processExecutionPhase(TestCaseExecutor.java:301)
	at com.kms.katalon.core.main.TestCaseExecutor.accessMainPhase(TestCaseExecutor.java:293)
	at com.kms.katalon.core.main.TestCaseExecutor.execute(TestCaseExecutor.java:227)
	at com.kms.katalon.core.main.TestSuiteExecutor.accessTestCaseMainPhase(TestSuiteExecutor.java:129)
	at com.kms.katalon.core.main.TestSuiteExecutor.accessTestSuiteMainPhase(TestSuiteExecutor.java:112)
	at com.kms.katalon.core.main.TestSuiteExecutor.execute(TestSuiteExecutor.java:81)
	at com.kms.katalon.core.main.TestCaseMain.startTestSuite(TestCaseMain.java:157)
	at com.kms.katalon.core.main.TestCaseMain$startTestSuite$0.call(Unknown Source)
	at TempTestSuite1556831560695.run(TempTestSuite1556831560695.groovy:35)


2019-05-02 23:15:55 - [MESSAGE][WARNING] - Cannot take screenshot

2019-05-02 23:15:55 - [MESSAGE][FAILED] - Unable to click on object 'Object Repository/Page_Spring Security Tutorial/button_Go To Registration Page'

2019-05-02 23:15:55 - [MESSAGE][FAILED] - click(findTestObject("Object Repository/Page_Spring Security Tutorial/button_Go To Registration Page")) FAILED.
Reason:
com.kms.katalon.core.exception.StepFailedException: Unable to click on object 'Object Repository/Page_Spring Security Tutorial/button_Go To Registration Page'
	at com.kms.katalon.core.keyword.internal.KeywordMain.stepFailed(KeywordMain.groovy:48)
	at com.kms.katalon.core.webui.keyword.internal.WebUIKeywordMain.stepFailed(WebUIKeywordMain.groovy:65)
	at com.kms.katalon.core.webui.keyword.internal.WebUIKeywordMain.runKeyword(WebUIKeywordMain.groovy:27)
	at com.kms.katalon.core.webui.keyword.builtin.ClickKeyword.click(ClickKeyword.groovy:86)
	at com.kms.katalon.core.webui.keyword.builtin.ClickKeyword.execute(ClickKeyword.groovy:67)
	at com.kms.katalon.core.keyword.internal.KeywordExecutor.executeKeywordForPlatform(KeywordExecutor.groovy:56)
	at com.kms.katalon.core.webui.keyword.WebUiBuiltInKeywords.click(WebUiBuiltInKeywords.groovy:616)
	at com.kms.katalon.core.webui.keyword.WebUiBuiltInKeywords$click$3.call(Unknown Source)
	at RegisterNewUser.run(RegisterNewUser:18)
	at com.kms.katalon.core.main.ScriptEngine.run(ScriptEngine.java:194)
	at com.kms.katalon.core.main.ScriptEngine.runScriptAsRawText(ScriptEngine.java:119)
	at com.kms.katalon.core.main.TestCaseExecutor.runScript(TestCaseExecutor.java:331)
	at com.kms.katalon.core.main.TestCaseExecutor.doExecute(TestCaseExecutor.java:322)
	at com.kms.katalon.core.main.TestCaseExecutor.processExecutionPhase(TestCaseExecutor.java:301)
	at com.kms.katalon.core.main.TestCaseExecutor.accessMainPhase(TestCaseExecutor.java:293)
	at com.kms.katalon.core.main.TestCaseExecutor.execute(TestCaseExecutor.java:227)
	at com.kms.katalon.core.main.TestSuiteExecutor.accessTestCaseMainPhase(TestSuiteExecutor.java:129)
	at com.kms.katalon.core.main.TestSuiteExecutor.accessTestSuiteMainPhase(TestSuiteExecutor.java:112)
	at com.kms.katalon.core.main.TestSuiteExecutor.execute(TestSuiteExecutor.java:81)
	at com.kms.katalon.core.main.TestCaseMain.startTestSuite(TestCaseMain.java:157)
	at com.kms.katalon.core.main.TestCaseMain$startTestSuite$0.call(Unknown Source)
	at TempTestSuite1556831560695.run(TempTestSuite1556831560695.groovy:35)]]></system-out>
         <system-err><![CDATA[2019-05-02 23:15:16 - [TEST_CASE][FAILED] - Test Cases/RegisterNewUser: Test Cases/RegisterNewUser FAILED.
Reason:
com.kms.katalon.core.exception.StepFailedException: Unable to click on object 'Object Repository/Page_Spring Security Tutorial/button_Go To Registration Page'
	at com.kms.katalon.core.keyword.internal.KeywordMain.stepFailed(KeywordMain.groovy:48)
	at com.kms.katalon.core.webui.keyword.internal.WebUIKeywordMain.stepFailed(WebUIKeywordMain.groovy:65)
	at com.kms.katalon.core.webui.keyword.internal.WebUIKeywordMain.runKeyword(WebUIKeywordMain.groovy:27)
	at com.kms.katalon.core.webui.keyword.builtin.ClickKeyword.click(ClickKeyword.groovy:86)
	at com.kms.katalon.core.webui.keyword.builtin.ClickKeyword.execute(ClickKeyword.groovy:67)
	at com.kms.katalon.core.keyword.internal.KeywordExecutor.executeKeywordForPlatform(KeywordExecutor.groovy:56)
	at com.kms.katalon.core.webui.keyword.WebUiBuiltInKeywords.click(WebUiBuiltInKeywords.groovy:616)
	at com.kms.katalon.core.webui.keyword.WebUiBuiltInKeywords$click$3.call(Unknown Source)
	at RegisterNewUser.run(RegisterNewUser:18)
	at com.kms.katalon.core.main.ScriptEngine.run(ScriptEngine.java:194)
	at com.kms.katalon.core.main.ScriptEngine.runScriptAsRawText(ScriptEngine.java:119)
	at com.kms.katalon.core.main.TestCaseExecutor.runScript(TestCaseExecutor.java:331)
	at com.kms.katalon.core.main.TestCaseExecutor.doExecute(TestCaseExecutor.java:322)
	at com.kms.katalon.core.main.TestCaseExecutor.processExecutionPhase(TestCaseExecutor.java:301)
	at com.kms.katalon.core.main.TestCaseExecutor.accessMainPhase(TestCaseExecutor.java:293)
	at com.kms.katalon.core.main.TestCaseExecutor.execute(TestCaseExecutor.java:227)
	at com.kms.katalon.core.main.TestSuiteExecutor.accessTestCaseMainPhase(TestSuiteExecutor.java:129)
	at com.kms.katalon.core.main.TestSuiteExecutor.accessTestSuiteMainPhase(TestSuiteExecutor.java:112)
	at com.kms.katalon.core.main.TestSuiteExecutor.execute(TestSuiteExecutor.java:81)
	at com.kms.katalon.core.main.TestCaseMain.startTestSuite(TestCaseMain.java:157)
	at com.kms.katalon.core.main.TestCaseMain$startTestSuite$0.call(Unknown Source)
	at TempTestSuite1556831560695.run(TempTestSuite1556831560695.groovy:35)]]></system-err>
      </testcase>
      <testcase name="Test Cases/search" classname="Test Cases/search" status="FAILED">
         <failure type="FAILED" message="Test Cases/search FAILED.
Reason:
com.kms.katalon.core.exception.StepFailedException: Unable to set text
	at com.kms.katalon.core.keyword.internal.KeywordMain.stepFailed(KeywordMain.groovy:48)
	at com.kms.katalon.core.webui.keyword.internal.WebUIKeywordMain.stepFailed(WebUIKeywordMain.groovy:65)
	at com.kms.katalon.core.webui.keyword.internal.WebUIKeywordMain.runKeyword(WebUIKeywordMain.groovy:27)
	at com.kms.katalon.core.webui.keyword.builtin.SetTextKeyword.setText(SetTextKeyword.groovy:65)
	at com.kms.katalon.core.webui.keyword.builtin.SetTextKeyword.execute(SetTextKeyword.groovy:37)
	at com.kms.katalon.core.keyword.internal.KeywordExecutor.executeKeywordForPlatform(KeywordExecutor.groovy:56)
	at com.kms.katalon.core.webui.keyword.WebUiBuiltInKeywords.setText(WebUiBuiltInKeywords.groovy:950)
	at com.kms.katalon.core.webui.keyword.WebUiBuiltInKeywords$setText$1.call(Unknown Source)
	at search.run(search:21)
	at com.kms.katalon.core.main.ScriptEngine.run(ScriptEngine.java:194)
	at com.kms.katalon.core.main.ScriptEngine.runScriptAsRawText(ScriptEngine.java:119)
	at com.kms.katalon.core.main.TestCaseExecutor.runScript(TestCaseExecutor.java:331)
	at com.kms.katalon.core.main.TestCaseExecutor.doExecute(TestCaseExecutor.java:322)
	at com.kms.katalon.core.main.TestCaseExecutor.processExecutionPhase(TestCaseExecutor.java:301)
	at com.kms.katalon.core.main.TestCaseExecutor.accessMainPhase(TestCaseExecutor.java:293)
	at com.kms.katalon.core.main.TestCaseExecutor.execute(TestCaseExecutor.java:227)
	at com.kms.katalon.core.main.TestSuiteExecutor.accessTestCaseMainPhase(TestSuiteExecutor.java:129)
	at com.kms.katalon.core.main.TestSuiteExecutor.accessTestSuiteMainPhase(TestSuiteExecutor.java:112)
	at com.kms.katalon.core.main.TestSuiteExecutor.execute(TestSuiteExecutor.java:81)
	at com.kms.katalon.core.main.TestCaseMain.startTestSuite(TestCaseMain.java:157)
	at com.kms.katalon.core.main.TestCaseMain$startTestSuite$0.call(Unknown Source)
	at TempTestSuite1556831560695.run(TempTestSuite1556831560695.groovy:35)
"/>
         <system-out><![CDATA[2019-05-02 23:15:55 - [TEST_CASE][FAILED] - Test Cases/search: Test Cases/search FAILED.
Reason:
com.kms.katalon.core.exception.StepFailedException: Unable to set text
	at com.kms.katalon.core.keyword.internal.KeywordMain.stepFailed(KeywordMain.groovy:48)
	at com.kms.katalon.core.webui.keyword.internal.WebUIKeywordMain.stepFailed(WebUIKeywordMain.groovy:65)
	at com.kms.katalon.core.webui.keyword.internal.WebUIKeywordMain.runKeyword(WebUIKeywordMain.groovy:27)
	at com.kms.katalon.core.webui.keyword.builtin.SetTextKeyword.setText(SetTextKeyword.groovy:65)
	at com.kms.katalon.core.webui.keyword.builtin.SetTextKeyword.execute(SetTextKeyword.groovy:37)
	at com.kms.katalon.core.keyword.internal.KeywordExecutor.executeKeywordForPlatform(KeywordExecutor.groovy:56)
	at com.kms.katalon.core.webui.keyword.WebUiBuiltInKeywords.setText(WebUiBuiltInKeywords.groovy:950)
	at com.kms.katalon.core.webui.keyword.WebUiBuiltInKeywords$setText$1.call(Unknown Source)
	at search.run(search:21)
	at com.kms.katalon.core.main.ScriptEngine.run(ScriptEngine.java:194)
	at com.kms.katalon.core.main.ScriptEngine.runScriptAsRawText(ScriptEngine.java:119)
	at com.kms.katalon.core.main.TestCaseExecutor.runScript(TestCaseExecutor.java:331)
	at com.kms.katalon.core.main.TestCaseExecutor.doExecute(TestCaseExecutor.java:322)
	at com.kms.katalon.core.main.TestCaseExecutor.processExecutionPhase(TestCaseExecutor.java:301)
	at com.kms.katalon.core.main.TestCaseExecutor.accessMainPhase(TestCaseExecutor.java:293)
	at com.kms.katalon.core.main.TestCaseExecutor.execute(TestCaseExecutor.java:227)
	at com.kms.katalon.core.main.TestSuiteExecutor.accessTestCaseMainPhase(TestSuiteExecutor.java:129)
	at com.kms.katalon.core.main.TestSuiteExecutor.accessTestSuiteMainPhase(TestSuiteExecutor.java:112)
	at com.kms.katalon.core.main.TestSuiteExecutor.execute(TestSuiteExecutor.java:81)
	at com.kms.katalon.core.main.TestCaseMain.startTestSuite(TestCaseMain.java:157)
	at com.kms.katalon.core.main.TestCaseMain$startTestSuite$0.call(Unknown Source)
	at TempTestSuite1556831560695.run(TempTestSuite1556831560695.groovy:35)


2019-05-02 23:15:56 - [TEST_STEP][PASSED] - openBrowser(""): Browser is opened with url: ''

2019-05-02 23:15:56 - [MESSAGE][WARNING] - A browser is already opened. Closing browser and opening a new one

2019-05-02 23:15:56 - [MESSAGE][INFO] - Starting 'Chrome' driver

2019-05-02 23:16:00 - [MESSAGE][PASSED] - Browser is opened with url: ''

2019-05-02 23:16:00 - [TEST_STEP][PASSED] - navigateToUrl("http://localhost:8080/forum"): Navigate to 'http://localhost:8080/forum' successfully

2019-05-02 23:16:01 - [MESSAGE][PASSED] - Navigate to 'http://localhost:8080/forum' successfully

2019-05-02 23:16:01 - [TEST_STEP][FAILED] - setText(findTestObject("Page_Insert title here/input_Advanced search_searchText"), "testTopic"): setText(findTestObject("Page_Insert title here/input_Advanced search_searchText"), "testTopic") FAILED.
Reason:
com.kms.katalon.core.exception.StepFailedException: Unable to set text
	at com.kms.katalon.core.keyword.internal.KeywordMain.stepFailed(KeywordMain.groovy:48)
	at com.kms.katalon.core.webui.keyword.internal.WebUIKeywordMain.stepFailed(WebUIKeywordMain.groovy:65)
	at com.kms.katalon.core.webui.keyword.internal.WebUIKeywordMain.runKeyword(WebUIKeywordMain.groovy:27)
	at com.kms.katalon.core.webui.keyword.builtin.SetTextKeyword.setText(SetTextKeyword.groovy:65)
	at com.kms.katalon.core.webui.keyword.builtin.SetTextKeyword.execute(SetTextKeyword.groovy:37)
	at com.kms.katalon.core.keyword.internal.KeywordExecutor.executeKeywordForPlatform(KeywordExecutor.groovy:56)
	at com.kms.katalon.core.webui.keyword.WebUiBuiltInKeywords.setText(WebUiBuiltInKeywords.groovy:950)
	at com.kms.katalon.core.webui.keyword.WebUiBuiltInKeywords$setText$1.call(Unknown Source)
	at search.run(search:21)
	at com.kms.katalon.core.main.ScriptEngine.run(ScriptEngine.java:194)
	at com.kms.katalon.core.main.ScriptEngine.runScriptAsRawText(ScriptEngine.java:119)
	at com.kms.katalon.core.main.TestCaseExecutor.runScript(TestCaseExecutor.java:331)
	at com.kms.katalon.core.main.TestCaseExecutor.doExecute(TestCaseExecutor.java:322)
	at com.kms.katalon.core.main.TestCaseExecutor.processExecutionPhase(TestCaseExecutor.java:301)
	at com.kms.katalon.core.main.TestCaseExecutor.accessMainPhase(TestCaseExecutor.java:293)
	at com.kms.katalon.core.main.TestCaseExecutor.execute(TestCaseExecutor.java:227)
	at com.kms.katalon.core.main.TestSuiteExecutor.accessTestCaseMainPhase(TestSuiteExecutor.java:129)
	at com.kms.katalon.core.main.TestSuiteExecutor.accessTestSuiteMainPhase(TestSuiteExecutor.java:112)
	at com.kms.katalon.core.main.TestSuiteExecutor.execute(TestSuiteExecutor.java:81)
	at com.kms.katalon.core.main.TestCaseMain.startTestSuite(TestCaseMain.java:157)
	at com.kms.katalon.core.main.TestCaseMain$startTestSuite$0.call(Unknown Source)
	at TempTestSuite1556831560695.run(TempTestSuite1556831560695.groovy:35)


2019-05-02 23:16:01 - [MESSAGE][WARNING] - Test object with id 'Object Repository/Page_Insert title here/input_Advanced search_searchText' does not exist

2019-05-02 23:16:01 - [MESSAGE][WARNING] - Test object with id 'Object Repository/' does not exist

2019-05-02 23:16:01 - [MESSAGE][FAILED] - Unable to set text
[[ATTACHMENT|C:\\Dev\\JEE\\hardForum\\TestHardForum\\Reports\\katalonTest\\20190502_231232\\1556831761425.png]]

2019-05-02 23:16:01 - [MESSAGE][FAILED] - setText(findTestObject("Page_Insert title here/input_Advanced search_searchText"), "testTopic") FAILED.
Reason:
com.kms.katalon.core.exception.StepFailedException: Unable to set text
	at com.kms.katalon.core.keyword.internal.KeywordMain.stepFailed(KeywordMain.groovy:48)
	at com.kms.katalon.core.webui.keyword.internal.WebUIKeywordMain.stepFailed(WebUIKeywordMain.groovy:65)
	at com.kms.katalon.core.webui.keyword.internal.WebUIKeywordMain.runKeyword(WebUIKeywordMain.groovy:27)
	at com.kms.katalon.core.webui.keyword.builtin.SetTextKeyword.setText(SetTextKeyword.groovy:65)
	at com.kms.katalon.core.webui.keyword.builtin.SetTextKeyword.execute(SetTextKeyword.groovy:37)
	at com.kms.katalon.core.keyword.internal.KeywordExecutor.executeKeywordForPlatform(KeywordExecutor.groovy:56)
	at com.kms.katalon.core.webui.keyword.WebUiBuiltInKeywords.setText(WebUiBuiltInKeywords.groovy:950)
	at com.kms.katalon.core.webui.keyword.WebUiBuiltInKeywords$setText$1.call(Unknown Source)
	at search.run(search:21)
	at com.kms.katalon.core.main.ScriptEngine.run(ScriptEngine.java:194)
	at com.kms.katalon.core.main.ScriptEngine.runScriptAsRawText(ScriptEngine.java:119)
	at com.kms.katalon.core.main.TestCaseExecutor.runScript(TestCaseExecutor.java:331)
	at com.kms.katalon.core.main.TestCaseExecutor.doExecute(TestCaseExecutor.java:322)
	at com.kms.katalon.core.main.TestCaseExecutor.processExecutionPhase(TestCaseExecutor.java:301)
	at com.kms.katalon.core.main.TestCaseExecutor.accessMainPhase(TestCaseExecutor.java:293)
	at com.kms.katalon.core.main.TestCaseExecutor.execute(TestCaseExecutor.java:227)
	at com.kms.katalon.core.main.TestSuiteExecutor.accessTestCaseMainPhase(TestSuiteExecutor.java:129)
	at com.kms.katalon.core.main.TestSuiteExecutor.accessTestSuiteMainPhase(TestSuiteExecutor.java:112)
	at com.kms.katalon.core.main.TestSuiteExecutor.execute(TestSuiteExecutor.java:81)
	at com.kms.katalon.core.main.TestCaseMain.startTestSuite(TestCaseMain.java:157)
	at com.kms.katalon.core.main.TestCaseMain$startTestSuite$0.call(Unknown Source)
	at TempTestSuite1556831560695.run(TempTestSuite1556831560695.groovy:35)]]></system-out>
         <system-err><![CDATA[2019-05-02 23:15:55 - [TEST_CASE][FAILED] - Test Cases/search: Test Cases/search FAILED.
Reason:
com.kms.katalon.core.exception.StepFailedException: Unable to set text
	at com.kms.katalon.core.keyword.internal.KeywordMain.stepFailed(KeywordMain.groovy:48)
	at com.kms.katalon.core.webui.keyword.internal.WebUIKeywordMain.stepFailed(WebUIKeywordMain.groovy:65)
	at com.kms.katalon.core.webui.keyword.internal.WebUIKeywordMain.runKeyword(WebUIKeywordMain.groovy:27)
	at com.kms.katalon.core.webui.keyword.builtin.SetTextKeyword.setText(SetTextKeyword.groovy:65)
	at com.kms.katalon.core.webui.keyword.builtin.SetTextKeyword.execute(SetTextKeyword.groovy:37)
	at com.kms.katalon.core.keyword.internal.KeywordExecutor.executeKeywordForPlatform(KeywordExecutor.groovy:56)
	at com.kms.katalon.core.webui.keyword.WebUiBuiltInKeywords.setText(WebUiBuiltInKeywords.groovy:950)
	at com.kms.katalon.core.webui.keyword.WebUiBuiltInKeywords$setText$1.call(Unknown Source)
	at search.run(search:21)
	at com.kms.katalon.core.main.ScriptEngine.run(ScriptEngine.java:194)
	at com.kms.katalon.core.main.ScriptEngine.runScriptAsRawText(ScriptEngine.java:119)
	at com.kms.katalon.core.main.TestCaseExecutor.runScript(TestCaseExecutor.java:331)
	at com.kms.katalon.core.main.TestCaseExecutor.doExecute(TestCaseExecutor.java:322)
	at com.kms.katalon.core.main.TestCaseExecutor.processExecutionPhase(TestCaseExecutor.java:301)
	at com.kms.katalon.core.main.TestCaseExecutor.accessMainPhase(TestCaseExecutor.java:293)
	at com.kms.katalon.core.main.TestCaseExecutor.execute(TestCaseExecutor.java:227)
	at com.kms.katalon.core.main.TestSuiteExecutor.accessTestCaseMainPhase(TestSuiteExecutor.java:129)
	at com.kms.katalon.core.main.TestSuiteExecutor.accessTestSuiteMainPhase(TestSuiteExecutor.java:112)
	at com.kms.katalon.core.main.TestSuiteExecutor.execute(TestSuiteExecutor.java:81)
	at com.kms.katalon.core.main.TestCaseMain.startTestSuite(TestCaseMain.java:157)
	at com.kms.katalon.core.main.TestCaseMain$startTestSuite$0.call(Unknown Source)
	at TempTestSuite1556831560695.run(TempTestSuite1556831560695.groovy:35)]]></system-err>
      </testcase>
      <system-out><![CDATA[2019-05-02 23:12:46 - [TEST_SUITE][FAILED] - katalonTest: Test Cases/LoginRegisteredUser FAILED.
Reason:
Assertion failed: 

assert succesUrl == WebUI.getUrl()
       |         |        |
       |         false    http://localhost:8080/login?error=true
       http://localhost:8080/forum

	at LoginRegisteredUser.run(LoginRegisteredUser:26)
	at com.kms.katalon.core.main.ScriptEngine.run(ScriptEngine.java:194)
	at com.kms.katalon.core.main.ScriptEngine.runScriptAsRawText(ScriptEngine.java:119)
	at com.kms.katalon.core.main.TestCaseExecutor.runScript(TestCaseExecutor.java:331)
	at com.kms.katalon.core.main.TestCaseExecutor.doExecute(TestCaseExecutor.java:322)
	at com.kms.katalon.core.main.TestCaseExecutor.processExecutionPhase(TestCaseExecutor.java:301)
	at com.kms.katalon.core.main.TestCaseExecutor.accessMainPhase(TestCaseExecutor.java:293)
	at com.kms.katalon.core.main.TestCaseExecutor.execute(TestCaseExecutor.java:227)
	at com.kms.katalon.core.main.TestSuiteExecutor.accessTestCaseMainPhase(TestSuiteExecutor.java:129)
	at com.kms.katalon.core.main.TestSuiteExecutor.accessTestSuiteMainPhase(TestSuiteExecutor.java:112)
	at com.kms.katalon.core.main.TestSuiteExecutor.execute(TestSuiteExecutor.java:81)
	at com.kms.katalon.core.main.TestCaseMain.startTestSuite(TestCaseMain.java:157)
	at com.kms.katalon.core.main.TestCaseMain$startTestSuite$0.call(Unknown Source)
	at TempTestSuite1556831560695.run(TempTestSuite1556831560695.groovy:35)]]></system-out>
      <system-err><![CDATA[2019-05-02 23:12:46 - [TEST_SUITE][FAILED] - katalonTest: Test Cases/LoginRegisteredUser FAILED.
Reason:
Assertion failed: 

assert succesUrl == WebUI.getUrl()
       |         |        |
       |         false    http://localhost:8080/login?error=true
       http://localhost:8080/forum

	at LoginRegisteredUser.run(LoginRegisteredUser:26)
	at com.kms.katalon.core.main.ScriptEngine.run(ScriptEngine.java:194)
	at com.kms.katalon.core.main.ScriptEngine.runScriptAsRawText(ScriptEngine.java:119)
	at com.kms.katalon.core.main.TestCaseExecutor.runScript(TestCaseExecutor.java:331)
	at com.kms.katalon.core.main.TestCaseExecutor.doExecute(TestCaseExecutor.java:322)
	at com.kms.katalon.core.main.TestCaseExecutor.processExecutionPhase(TestCaseExecutor.java:301)
	at com.kms.katalon.core.main.TestCaseExecutor.accessMainPhase(TestCaseExecutor.java:293)
	at com.kms.katalon.core.main.TestCaseExecutor.execute(TestCaseExecutor.java:227)
	at com.kms.katalon.core.main.TestSuiteExecutor.accessTestCaseMainPhase(TestSuiteExecutor.java:129)
	at com.kms.katalon.core.main.TestSuiteExecutor.accessTestSuiteMainPhase(TestSuiteExecutor.java:112)
	at com.kms.katalon.core.main.TestSuiteExecutor.execute(TestSuiteExecutor.java:81)
	at com.kms.katalon.core.main.TestCaseMain.startTestSuite(TestCaseMain.java:157)
	at com.kms.katalon.core.main.TestCaseMain$startTestSuite$0.call(Unknown Source)
	at TempTestSuite1556831560695.run(TempTestSuite1556831560695.groovy:35)]]></system-err>
   </testsuite>
</testsuites>
